{"meta": {"format": 3, "version": "7.11.3", "timestamp": "2025-11-15T12:33:24.292653", "branch_coverage": false, "show_contexts": false}, "files": {"ethoscope_node/__init__.py": {"executed_lines": [1], "summary": {"covered_lines": 1, "num_statements": 1, "percent_covered": 100.0, "percent_covered_display": "100.00", "missing_lines": 0, "excluded_lines": 0}, "missing_lines": [], "excluded_lines": [], "functions": {"": {"executed_lines": [1], "summary": {"covered_lines": 1, "num_statements": 1, "percent_covered": 100.0, "percent_covered_display": "100.00", "missing_lines": 0, "excluded_lines": 0}, "missing_lines": [], "excluded_lines": []}}, "classes": {"": {"executed_lines": [1], "summary": {"covered_lines": 1, "num_statements": 1, "percent_covered": 100.0, "percent_covered_display": "100.00", "missing_lines": 0, "excluded_lines": 0}, "missing_lines": [], "excluded_lines": []}}}, "ethoscope_node/api/__init__.py": {"executed_lines": [1, 21, 22, 23, 24, 25, 26, 27, 28, 29, 30, 31, 33], "summary": {"covered_lines": 12, "num_statements": 12, "percent_covered": 100.0, "percent_covered_display": "100.00", "missing_lines": 0, "excluded_lines": 0}, "missing_lines": [], "excluded_lines": [], "functions": {"": {"executed_lines": [1, 21, 22, 23, 24, 25, 26, 27, 28, 29, 30, 31, 33], "summary": {"covered_lines": 12, "num_statements": 12, "percent_covered": 100.0, "percent_covered_display": "100.00", "missing_lines": 0, "excluded_lines": 0}, "missing_lines": [], "excluded_lines": []}}, "classes": {"": {"executed_lines": [1, 21, 22, 23, 24, 25, 26, 27, 28, 29, 30, 31, 33], "summary": {"covered_lines": 12, "num_statements": 12, "percent_covered": 100.0, "percent_covered_display": "100.00", "missing_lines": 0, "excluded_lines": 0}, "missing_lines": [], "excluded_lines": []}}}, "ethoscope_node/api/auth_api.py": {"executed_lines": [1, 7, 9, 12, 13, 15, 17, 18, 19, 20, 21, 22, 27, 29, 30, 32, 33, 36, 39, 40, 43, 47, 48, 50, 51, 54, 55, 56, 57, 63, 65, 67, 69, 70, 83, 84, 86, 87, 88, 90, 91, 93, 95, 96, 97, 103, 104, 109, 111, 112, 113, 115, 120, 121, 122, 124, 125, 127, 129, 130, 131, 138, 141, 143, 144, 145, 147, 148, 149, 150, 151, 154, 159, 160, 174, 176, 177, 190, 192, 193, 194, 199, 200, 201, 203, 204, 207, 208, 209, 211, 212, 214, 215, 217, 218, 224, 225, 226, 228, 231, 232, 235, 238, 239, 240, 241, 244, 246, 247, 248, 250, 251, 253, 254, 255, 260, 261, 262, 264, 266, 267, 268, 273, 274, 275, 277, 278, 281, 283, 286, 288, 290, 291, 292, 294, 295, 296, 298, 300, 301, 302, 307, 308, 309, 311, 312, 315, 316, 322, 324, 325, 328, 333, 335, 336, 337, 339, 340, 342, 344, 345, 346, 349, 352, 354, 355, 356, 358, 359, 360, 361, 362, 365, 370, 371, 382, 383, 384, 394, 396, 397, 398], "summary": {"covered_lines": 180, "num_statements": 180, "percent_covered": 100.0, "percent_covered_display": "100.00", "missing_lines": 0, "excluded_lines": 0}, "missing_lines": [], "excluded_lines": [], "functions": {"AuthAPI.register_routes": {"executed_lines": [17, 18, 19, 20, 21, 22, 27], "summary": {"covered_lines": 7, "num_statements": 7, "percent_covered": 100.0, "percent_covered_display": "100.00", "missing_lines": 0, "excluded_lines": 0}, "missing_lines": [], "excluded_lines": []}, "AuthAPI._login": {"executed_lines": [32, 33, 36, 39, 40, 43, 47, 48, 50, 51, 54, 55, 56, 57, 63, 65, 67, 69, 70, 83, 84, 86, 87, 88], "summary": {"covered_lines": 24, "num_statements": 24, "percent_covered": 100.0, "percent_covered_display": "100.00", "missing_lines": 0, "excluded_lines": 0}, "missing_lines": [], "excluded_lines": []}, "AuthAPI._logout": {"executed_lines": [93, 95, 96, 97, 103, 104, 109, 111, 112, 113, 115, 120, 121, 122], "summary": {"covered_lines": 14, "num_statements": 14, "percent_covered": 100.0, "percent_covered_display": "100.00", "missing_lines": 0, "excluded_lines": 0}, "missing_lines": [], "excluded_lines": []}, "AuthAPI._get_session": {"executed_lines": [127, 129, 130, 131, 138, 141, 143, 144, 145, 147, 148, 149, 150, 151, 154, 159, 160, 174, 176, 177, 190, 192, 193, 194], "summary": {"covered_lines": 24, "num_statements": 24, "percent_covered": 100.0, "percent_covered_display": "100.00", "missing_lines": 0, "excluded_lines": 0}, "missing_lines": [], "excluded_lines": []}, "AuthAPI._change_pin": {"executed_lines": [203, 204, 207, 208, 209, 211, 212, 214, 215, 217, 218, 224, 225, 226, 228, 231, 232, 235, 238, 239, 240, 241, 244, 246, 247, 248, 250, 251, 253, 254, 255], "summary": {"covered_lines": 31, "num_statements": 31, "percent_covered": 100.0, "percent_covered_display": "100.00", "missing_lines": 0, "excluded_lines": 0}, "missing_lines": [], "excluded_lines": []}, "AuthAPI._get_all_sessions": {"executed_lines": [264, 266, 267, 268, 273, 274, 275, 277, 278, 281, 283, 286, 288, 290, 291, 292], "summary": {"covered_lines": 16, "num_statements": 16, "percent_covered": 100.0, "percent_covered_display": "100.00", "missing_lines": 0, "excluded_lines": 0}, "missing_lines": [], "excluded_lines": []}, "AuthAPI._terminate_user_sessions": {"executed_lines": [298, 300, 301, 302, 307, 308, 309, 311, 312, 315, 316, 322, 324, 325, 328, 333, 335, 336, 337], "summary": {"covered_lines": 19, "num_statements": 19, "percent_covered": 100.0, "percent_covered_display": "100.00", "missing_lines": 0, "excluded_lines": 0}, "missing_lines": [], "excluded_lines": []}, "AuthAPI._check_auth": {"executed_lines": [342, 344, 345, 346, 349, 352, 354, 355, 356, 358, 359, 360, 361, 362, 365, 370, 371, 382, 383, 384, 394, 396, 397, 398], "summary": {"covered_lines": 24, "num_statements": 24, "percent_covered": 100.0, "percent_covered_display": "100.00", "missing_lines": 0, "excluded_lines": 0}, "missing_lines": [], "excluded_lines": []}, "": {"executed_lines": [1, 7, 9, 12, 13, 15, 29, 30, 90, 91, 124, 125, 199, 200, 201, 260, 261, 262, 294, 295, 296, 339, 340], "summary": {"covered_lines": 21, "num_statements": 21, "percent_covered": 100.0, "percent_covered_display": "100.00", "missing_lines": 0, "excluded_lines": 0}, "missing_lines": [], "excluded_lines": []}}, "classes": {"AuthAPI": {"executed_lines": [17, 18, 19, 20, 21, 22, 27, 32, 33, 36, 39, 40, 43, 47, 48, 50, 51, 54, 55, 56, 57, 63, 65, 67, 69, 70, 83, 84, 86, 87, 88, 93, 95, 96, 97, 103, 104, 109, 111, 112, 113, 115, 120, 121, 122, 127, 129, 130, 131, 138, 141, 143, 144, 145, 147, 148, 149, 150, 151, 154, 159, 160, 174, 176, 177, 190, 192, 193, 194, 203, 204, 207, 208, 209, 211, 212, 214, 215, 217, 218, 224, 225, 226, 228, 231, 232, 235, 238, 239, 240, 241, 244, 246, 247, 248, 250, 251, 253, 254, 255, 264, 266, 267, 268, 273, 274, 275, 277, 278, 281, 283, 286, 288, 290, 291, 292, 298, 300, 301, 302, 307, 308, 309, 311, 312, 315, 316, 322, 324, 325, 328, 333, 335, 336, 337, 342, 344, 345, 346, 349, 352, 354, 355, 356, 358, 359, 360, 361, 362, 365, 370, 371, 382, 383, 384, 394, 396, 397, 398], "summary": {"covered_lines": 159, "num_statements": 159, "percent_covered": 100.0, "percent_covered_display": "100.00", "missing_lines": 0, "excluded_lines": 0}, "missing_lines": [], "excluded_lines": []}, "": {"executed_lines": [1, 7, 9, 12, 13, 15, 29, 30, 90, 91, 124, 125, 199, 200, 201, 260, 261, 262, 294, 295, 296, 339, 340], "summary": {"covered_lines": 21, "num_statements": 21, "percent_covered": 100.0, "percent_covered_display": "100.00", "missing_lines": 0, "excluded_lines": 0}, "missing_lines": [], "excluded_lines": []}}}, "ethoscope_node/api/backup_api.py": {"executed_lines": [1, 8, 9, 10, 12, 15, 16, 18, 19, 21, 27, 29, 31, 32, 34, 37, 38, 43, 46, 47, 50, 53, 54, 57, 86, 87, 89, 91, 93, 94, 95, 96, 97, 98, 99, 102, 104, 106, 107, 110, 111, 114, 115, 116, 117, 120, 121, 122, 125, 127, 129, 131, 132, 135, 136, 139, 140, 141, 142, 145, 146, 147, 150, 151, 153, 155, 157, 160, 161, 162, 163, 168, 169, 170, 171, 175, 177, 179, 181, 183, 184, 186, 189, 190, 193, 194, 198, 200, 202, 203, 206, 209, 210, 211, 214, 222, 223, 224, 225, 227, 230, 278, 313, 315, 317, 352, 354, 356], "summary": {"covered_lines": 106, "num_statements": 106, "percent_covered": 100.0, "percent_covered_display": "100.00", "missing_lines": 0, "excluded_lines": 0}, "missing_lines": [], "excluded_lines": [], "functions": {"BackupAPI.__init__": {"executed_lines": [19, 21], "summary": {"covered_lines": 2, "num_statements": 2, "percent_covered": 100.0, "percent_covered_display": "100.00", "missing_lines": 0, "excluded_lines": 0}, "missing_lines": [], "excluded_lines": []}, "BackupAPI.register_routes": {"executed_lines": [29], "summary": {"covered_lines": 1, "num_statements": 1, "percent_covered": 100.0, "percent_covered_display": "100.00", "missing_lines": 0, "excluded_lines": 0}, "missing_lines": [], "excluded_lines": []}, "BackupAPI._get_backup_status": {"executed_lines": [34, 37, 38, 43, 46, 47, 50, 53, 54, 57, 86, 87, 89], "summary": {"covered_lines": 13, "num_statements": 13, "percent_covered": 100.0, "percent_covered_display": "100.00", "missing_lines": 0, "excluded_lines": 0}, "missing_lines": [], "excluded_lines": []}, "BackupAPI._fetch_backup_service_status": {"executed_lines": [93, 94, 95, 96, 97, 98, 99, 102], "summary": {"covered_lines": 8, "num_statements": 8, "percent_covered": 100.0, "percent_covered_display": "100.00", "missing_lines": 0, "excluded_lines": 0}, "missing_lines": [], "excluded_lines": []}, "BackupAPI._extract_current_device": {"executed_lines": [106, 107, 110, 111, 114, 115, 116, 117, 120, 121, 122, 125, 127], "summary": {"covered_lines": 13, "num_statements": 13, "percent_covered": 100.0, "percent_covered_display": "100.00", "missing_lines": 0, "excluded_lines": 0}, "missing_lines": [], "excluded_lines": []}, "BackupAPI._extract_current_file": {"executed_lines": [131, 132, 135, 136, 139, 140, 141, 142, 145, 146, 147, 150, 151, 153], "summary": {"covered_lines": 14, "num_statements": 14, "percent_covered": 100.0, "percent_covered_display": "100.00", "missing_lines": 0, "excluded_lines": 0}, "missing_lines": [], "excluded_lines": []}, "BackupAPI._get_processing_devices": {"executed_lines": [157, 160, 161, 162, 163, 168, 169, 170, 171, 175], "summary": {"covered_lines": 10, "num_statements": 10, "percent_covered": 100.0, "percent_covered_display": "100.00", "missing_lines": 0, "excluded_lines": 0}, "missing_lines": [], "excluded_lines": []}, "BackupAPI._get_devices_backup_summary": {"executed_lines": [179, 181, 183, 184, 186, 189, 190, 193, 194, 198, 200, 202, 203, 206, 209, 210, 211, 214, 222, 223, 224, 225, 227, 230, 278, 313, 315, 317, 352, 354, 356], "summary": {"covered_lines": 31, "num_statements": 31, "percent_covered": 100.0, "percent_covered_display": "100.00", "missing_lines": 0, "excluded_lines": 0}, "missing_lines": [], "excluded_lines": []}, "": {"executed_lines": [1, 8, 9, 10, 12, 15, 16, 18, 27, 31, 32, 91, 104, 129, 155, 177], "summary": {"covered_lines": 14, "num_statements": 14, "percent_covered": 100.0, "percent_covered_display": "100.00", "missing_lines": 0, "excluded_lines": 0}, "missing_lines": [], "excluded_lines": []}}, "classes": {"BackupAPI": {"executed_lines": [19, 21, 29, 34, 37, 38, 43, 46, 47, 50, 53, 54, 57, 86, 87, 89, 93, 94, 95, 96, 97, 98, 99, 102, 106, 107, 110, 111, 114, 115, 116, 117, 120, 121, 122, 125, 127, 131, 132, 135, 136, 139, 140, 141, 142, 145, 146, 147, 150, 151, 153, 157, 160, 161, 162, 163, 168, 169, 170, 171, 175, 179, 181, 183, 184, 186, 189, 190, 193, 194, 198, 200, 202, 203, 206, 209, 210, 211, 214, 222, 223, 224, 225, 227, 230, 278, 313, 315, 317, 352, 354, 356], "summary": {"covered_lines": 92, "num_statements": 92, "percent_covered": 100.0, "percent_covered_display": "100.00", "missing_lines": 0, "excluded_lines": 0}, "missing_lines": [], "excluded_lines": []}, "": {"executed_lines": [1, 8, 9, 10, 12, 15, 16, 18, 27, 31, 32, 91, 104, 129, 155, 177], "summary": {"covered_lines": 14, "num_statements": 14, "percent_covered": 100.0, "percent_covered_display": "100.00", "missing_lines": 0, "excluded_lines": 0}, "missing_lines": [], "excluded_lines": []}}}, "ethoscope_node/api/base.py": {"executed_lines": [1, 7, 8, 9, 10, 11, 13, 16, 19, 20, 21, 22, 23, 24, 25, 27, 30, 33, 34, 35, 36, 37, 38, 39, 41, 44, 45, 47, 54, 55, 58, 59, 60, 61, 62, 65, 66, 67, 68, 70, 72, 74, 76, 78, 80, 82, 84, 86, 88, 90, 92, 93, 95, 97, 99, 101, 102, 104, 105, 106, 108, 110, 112, 113, 114, 115, 116, 117, 118, 119], "summary": {"covered_lines": 68, "num_statements": 68, "percent_covered": 100.0, "percent_covered_display": "100.00", "missing_lines": 0, "excluded_lines": 0}, "missing_lines": [], "excluded_lines": [], "functions": {"error_decorator": {"executed_lines": [19, 20, 27], "summary": {"covered_lines": 3, "num_statements": 3, "percent_covered": 100.0, "percent_covered_display": "100.00", "missing_lines": 0, "excluded_lines": 0}, "missing_lines": [], "excluded_lines": []}, "error_decorator.wrapper": {"executed_lines": [21, 22, 23, 24, 25], "summary": {"covered_lines": 5, "num_statements": 5, "percent_covered": 100.0, "percent_covered_display": "100.00", "missing_lines": 0, "excluded_lines": 0}, "missing_lines": [], "excluded_lines": []}, "warning_decorator": {"executed_lines": [33, 34, 41], "summary": {"covered_lines": 3, "num_statements": 3, "percent_covered": 100.0, "percent_covered_display": "100.00", "missing_lines": 0, "excluded_lines": 0}, "missing_lines": [], "excluded_lines": []}, "warning_decorator.wrapper": {"executed_lines": [35, 36, 37, 38, 39], "summary": {"covered_lines": 5, "num_statements": 5, "percent_covered": 100.0, "percent_covered_display": "100.00", "missing_lines": 0, "excluded_lines": 0}, "missing_lines": [], "excluded_lines": []}, "BaseAPI.__init__": {"executed_lines": [54, 55, 58, 59, 60, 61, 62, 65, 66, 67, 68], "summary": {"covered_lines": 11, "num_statements": 11, "percent_covered": 100.0, "percent_covered_display": "100.00", "missing_lines": 0, "excluded_lines": 0}, "missing_lines": [], "excluded_lines": []}, "BaseAPI.register_routes": {"executed_lines": [72], "summary": {"covered_lines": 1, "num_statements": 1, "percent_covered": 100.0, "percent_covered_display": "100.00", "missing_lines": 0, "excluded_lines": 0}, "missing_lines": [], "excluded_lines": []}, "BaseAPI.get_request_data": {"executed_lines": [76], "summary": {"covered_lines": 1, "num_statements": 1, "percent_covered": 100.0, "percent_covered_display": "100.00", "missing_lines": 0, "excluded_lines": 0}, "missing_lines": [], "excluded_lines": []}, "BaseAPI.get_request_json": {"executed_lines": [80], "summary": {"covered_lines": 1, "num_statements": 1, "percent_covered": 100.0, "percent_covered_display": "100.00", "missing_lines": 0, "excluded_lines": 0}, "missing_lines": [], "excluded_lines": []}, "BaseAPI.get_query_param": {"executed_lines": [84], "summary": {"covered_lines": 1, "num_statements": 1, "percent_covered": 100.0, "percent_covered_display": "100.00", "missing_lines": 0, "excluded_lines": 0}, "missing_lines": [], "excluded_lines": []}, "BaseAPI.set_json_response": {"executed_lines": [88], "summary": {"covered_lines": 1, "num_statements": 1, "percent_covered": 100.0, "percent_covered_display": "100.00", "missing_lines": 0, "excluded_lines": 0}, "missing_lines": [], "excluded_lines": []}, "BaseAPI.json_response": {"executed_lines": [92, 93], "summary": {"covered_lines": 2, "num_statements": 2, "percent_covered": 100.0, "percent_covered_display": "100.00", "missing_lines": 0, "excluded_lines": 0}, "missing_lines": [], "excluded_lines": []}, "BaseAPI.abort_with_error": {"executed_lines": [97], "summary": {"covered_lines": 1, "num_statements": 1, "percent_covered": 100.0, "percent_covered_display": "100.00", "missing_lines": 0, "excluded_lines": 0}, "missing_lines": [], "excluded_lines": []}, "BaseAPI.validate_device_exists": {"executed_lines": [101, 102, 104, 105, 106, 108], "summary": {"covered_lines": 6, "num_statements": 6, "percent_covered": 100.0, "percent_covered_display": "100.00", "missing_lines": 0, "excluded_lines": 0}, "missing_lines": [], "excluded_lines": []}, "BaseAPI.safe_file_operation": {"executed_lines": [112, 113, 114, 115, 116, 117, 118, 119], "summary": {"covered_lines": 8, "num_statements": 8, "percent_covered": 100.0, "percent_covered_display": "100.00", "missing_lines": 0, "excluded_lines": 0}, "missing_lines": [], "excluded_lines": []}, "": {"executed_lines": [1, 7, 8, 9, 10, 11, 13, 16, 30, 44, 45, 47, 70, 74, 78, 82, 86, 90, 95, 99, 110], "summary": {"covered_lines": 19, "num_statements": 19, "percent_covered": 100.0, "percent_covered_display": "100.00", "missing_lines": 0, "excluded_lines": 0}, "missing_lines": [], "excluded_lines": []}}, "classes": {"BaseAPI": {"executed_lines": [54, 55, 58, 59, 60, 61, 62, 65, 66, 67, 68, 72, 76, 80, 84, 88, 92, 93, 97, 101, 102, 104, 105, 106, 108, 112, 113, 114, 115, 116, 117, 118, 119], "summary": {"covered_lines": 33, "num_statements": 33, "percent_covered": 100.0, "percent_covered_display": "100.00", "missing_lines": 0, "excluded_lines": 0}, "missing_lines": [], "excluded_lines": []}, "": {"executed_lines": [1, 7, 8, 9, 10, 11, 13, 16, 19, 20, 21, 22, 23, 24, 25, 27, 30, 33, 34, 35, 36, 37, 38, 39, 41, 44, 45, 47, 70, 74, 78, 82, 86, 90, 95, 99, 110], "summary": {"covered_lines": 35, "num_statements": 35, "percent_covered": 100.0, "percent_covered_display": "100.00", "missing_lines": 0, "excluded_lines": 0}, "missing_lines": [], "excluded_lines": []}}}, "ethoscope_node/api/database_api.py": {"executed_lines": [1, 7, 9, 12, 13, 15, 17, 18, 19, 23, 24, 26, 28, 29, 31, 33, 34, 41, 43, 45, 46, 47, 48, 49, 51, 52, 53, 56, 59, 62, 63, 65, 69, 80, 81, 82, 93, 95, 98, 100, 101, 102], "summary": {"covered_lines": 40, "num_statements": 40, "percent_covered": 100.0, "percent_covered_display": "100.00", "missing_lines": 0, "excluded_lines": 0}, "missing_lines": [], "excluded_lines": [], "functions": {"DatabaseAPI.register_routes": {"executed_lines": [17, 18, 19], "summary": {"covered_lines": 3, "num_statements": 3, "percent_covered": 100.0, "percent_covered_display": "100.00", "missing_lines": 0, "excluded_lines": 0}, "missing_lines": [], "excluded_lines": []}, "DatabaseAPI._runs_list": {"executed_lines": [26], "summary": {"covered_lines": 1, "num_statements": 1, "percent_covered": 100.0, "percent_covered_display": "100.00", "missing_lines": 0, "excluded_lines": 0}, "missing_lines": [], "excluded_lines": []}, "DatabaseAPI._experiments_list": {"executed_lines": [31], "summary": {"covered_lines": 1, "num_statements": 1, "percent_covered": 100.0, "percent_covered_display": "100.00", "missing_lines": 0, "excluded_lines": 0}, "missing_lines": [], "excluded_lines": []}, "DatabaseAPI._cached_databases": {"executed_lines": [41, 43, 45, 46, 47, 48, 49, 51, 52, 53, 56, 59, 62, 63, 65, 69, 80, 81, 82, 93, 95, 98, 100, 101, 102], "summary": {"covered_lines": 25, "num_statements": 25, "percent_covered": 100.0, "percent_covered_display": "100.00", "missing_lines": 0, "excluded_lines": 0}, "missing_lines": [], "excluded_lines": []}, "": {"executed_lines": [1, 7, 9, 12, 13, 15, 23, 24, 28, 29, 33, 34], "summary": {"covered_lines": 10, "num_statements": 10, "percent_covered": 100.0, "percent_covered_display": "100.00", "missing_lines": 0, "excluded_lines": 0}, "missing_lines": [], "excluded_lines": []}}, "classes": {"DatabaseAPI": {"executed_lines": [17, 18, 19, 26, 31, 41, 43, 45, 46, 47, 48, 49, 51, 52, 53, 56, 59, 62, 63, 65, 69, 80, 81, 82, 93, 95, 98, 100, 101, 102], "summary": {"covered_lines": 30, "num_statements": 30, "percent_covered": 100.0, "percent_covered_display": "100.00", "missing_lines": 0, "excluded_lines": 0}, "missing_lines": [], "excluded_lines": []}, "": {"executed_lines": [1, 7, 9, 12, 13, 15, 23, 24, 28, 29, 33, 34], "summary": {"covered_lines": 10, "num_statements": 10, "percent_covered": 100.0, "percent_covered_display": "100.00", "missing_lines": 0, "excluded_lines": 0}, "missing_lines": [], "excluded_lines": []}}}, "ethoscope_node/api/device_api.py": {"executed_lines": [1, 8, 9, 10, 11, 13, 15, 18, 19, 21, 24, 25, 26, 29, 32, 35, 36, 39, 42, 43, 46, 51, 52, 53, 56, 59, 60, 61, 62, 65, 68, 69, 73, 74, 77, 80, 84, 86, 88, 89, 91, 93, 94, 96, 97, 98, 99, 100, 102, 105, 110, 113, 115, 124, 125, 126, 132, 133, 135, 137, 138, 140, 141, 142, 143, 149, 151, 158, 159, 160, 166, 168, 169, 170, 172, 173, 174, 175, 176, 177, 178, 180, 182, 183, 185, 186, 190, 191, 192, 194, 196, 197, 199, 200, 201, 202, 204, 205, 207, 208, 211, 214, 215, 216, 217, 220, 221, 223, 228, 229, 231, 232, 234, 235, 237, 238, 240, 241, 243, 244, 245, 246, 247, 249, 250, 252, 253, 255, 256, 258, 259, 260, 262, 263, 265, 266, 268, 269, 270, 271, 273, 274, 276, 277, 280, 282, 283, 285, 287, 288, 291, 294, 296, 298, 299, 301, 303, 304, 306, 307, 308, 310, 311, 312, 314, 315, 316, 317, 319, 320, 322, 326, 328, 329, 330, 332, 333, 335, 336, 338, 339, 341, 342, 344, 346, 347, 349, 350, 353, 354, 355, 357, 358, 363, 366, 369, 370, 371, 372, 376, 387, 388, 390, 391, 393, 394, 396, 397, 399, 402, 404, 406, 411, 414, 415, 416, 417, 421, 422, 427, 429, 430, 432, 435, 437, 439, 440, 441, 442, 447, 449, 451, 452, 454, 455, 457, 458, 459, 460, 461, 462, 463, 464, 465, 466], "summary": {"covered_lines": 243, "num_statements": 254, "percent_covered": 95.66929133858268, "percent_covered_display": "95.67", "missing_lines": 11, "excluded_lines": 0}, "missing_lines": [144, 146, 380, 383, 384, 407, 408, 409, 423, 424, 425], "excluded_lines": [], "functions": {"DeviceAPI.register_routes": {"executed_lines": [24, 25, 26, 29, 32, 35, 36, 39, 42, 43, 46, 51, 52, 53, 56, 59, 60, 61, 62, 65, 68, 69], "summary": {"covered_lines": 22, "num_statements": 22, "percent_covered": 100.0, "percent_covered_display": "100.00", "missing_lines": 0, "excluded_lines": 0}, "missing_lines": [], "excluded_lines": []}, "DeviceAPI._get_devices": {"executed_lines": [77, 80], "summary": {"covered_lines": 2, "num_statements": 2, "percent_covered": 100.0, "percent_covered_display": "100.00", "missing_lines": 0, "excluded_lines": 0}, "missing_lines": [], "excluded_lines": []}, "DeviceAPI._get_devices_list": {"executed_lines": [86], "summary": {"covered_lines": 1, "num_statements": 1, "percent_covered": 100.0, "percent_covered_display": "100.00", "missing_lines": 0, "excluded_lines": 0}, "missing_lines": [], "excluded_lines": []}, "DeviceAPI._retire_inactive_devices": {"executed_lines": [91, 93, 94, 96, 97, 98, 99, 100, 102, 105, 110, 113, 115, 124, 125, 126], "summary": {"covered_lines": 16, "num_statements": 16, "percent_covered": 100.0, "percent_covered_display": "100.00", "missing_lines": 0, "excluded_lines": 0}, "missing_lines": [], "excluded_lines": []}, "DeviceAPI._cleanup_busy_devices": {"executed_lines": [135, 137, 138, 140, 141, 142, 143, 149, 151, 158, 159, 160], "summary": {"covered_lines": 12, "num_statements": 14, "percent_covered": 85.71428571428571, "percent_covered_display": "85.71", "missing_lines": 2, "excluded_lines": 0}, "missing_lines": [144, 146], "excluded_lines": []}, "DeviceAPI._manual_add_device": {"executed_lines": [168, 169, 170, 172, 173, 174, 175, 176, 177, 178, 180], "summary": {"covered_lines": 11, "num_statements": 11, "percent_covered": 100.0, "percent_covered_display": "100.00", "missing_lines": 0, "excluded_lines": 0}, "missing_lines": [], "excluded_lines": []}, "DeviceAPI._get_device_info": {"executed_lines": [185, 186, 190, 191, 192, 194], "summary": {"covered_lines": 6, "num_statements": 6, "percent_covered": 100.0, "percent_covered_display": "100.00", "missing_lines": 0, "excluded_lines": 0}, "missing_lines": [], "excluded_lines": []}, "DeviceAPI._get_device_machine_info": {"executed_lines": [199, 200, 201, 202], "summary": {"covered_lines": 4, "num_statements": 4, "percent_covered": 100.0, "percent_covered_display": "100.00", "missing_lines": 0, "excluded_lines": 0}, "missing_lines": [], "excluded_lines": []}, "DeviceAPI._set_device_machine_info": {"executed_lines": [207, 208, 211, 214, 215, 216, 217, 220, 221, 223], "summary": {"covered_lines": 10, "num_statements": 10, "percent_covered": 100.0, "percent_covered_display": "100.00", "missing_lines": 0, "excluded_lines": 0}, "missing_lines": [], "excluded_lines": []}, "DeviceAPI._get_device_module": {"executed_lines": [231, 232], "summary": {"covered_lines": 2, "num_statements": 2, "percent_covered": 100.0, "percent_covered_display": "100.00", "missing_lines": 0, "excluded_lines": 0}, "missing_lines": [], "excluded_lines": []}, "DeviceAPI._get_device_options": {"executed_lines": [237, 238], "summary": {"covered_lines": 2, "num_statements": 2, "percent_covered": 100.0, "percent_covered_display": "100.00", "missing_lines": 0, "excluded_lines": 0}, "missing_lines": [], "excluded_lines": []}, "DeviceAPI._get_device_videofiles": {"executed_lines": [243, 244, 245, 246, 247], "summary": {"covered_lines": 5, "num_statements": 5, "percent_covered": 100.0, "percent_covered_display": "100.00", "missing_lines": 0, "excluded_lines": 0}, "missing_lines": [], "excluded_lines": []}, "DeviceAPI._get_device_last_img": {"executed_lines": [252, 253, 255, 256, 258, 259, 260, 262, 263], "summary": {"covered_lines": 9, "num_statements": 9, "percent_covered": 100.0, "percent_covered_display": "100.00", "missing_lines": 0, "excluded_lines": 0}, "missing_lines": [], "excluded_lines": []}, "DeviceAPI._get_device_dbg_img": {"executed_lines": [268, 269, 270, 271], "summary": {"covered_lines": 4, "num_statements": 4, "percent_covered": 100.0, "percent_covered_display": "100.00", "missing_lines": 0, "excluded_lines": 0}, "missing_lines": [], "excluded_lines": []}, "DeviceAPI._get_device_stream": {"executed_lines": [276, 277, 280], "summary": {"covered_lines": 3, "num_statements": 3, "percent_covered": 100.0, "percent_covered_display": "100.00", "missing_lines": 0, "excluded_lines": 0}, "missing_lines": [], "excluded_lines": []}, "DeviceAPI._get_device_backup_info": {"executed_lines": [285, 287, 288, 291, 294, 296], "summary": {"covered_lines": 6, "num_statements": 6, "percent_covered": 100.0, "percent_covered_display": "100.00", "missing_lines": 0, "excluded_lines": 0}, "missing_lines": [], "excluded_lines": []}, "DeviceAPI._force_device_backup": {"executed_lines": [301, 303, 304, 306, 307, 308, 310, 311, 312, 314, 315, 316, 317, 319, 320, 322, 326, 328, 329, 330, 332, 333], "summary": {"covered_lines": 22, "num_statements": 22, "percent_covered": 100.0, "percent_covered_display": "100.00", "missing_lines": 0, "excluded_lines": 0}, "missing_lines": [], "excluded_lines": []}, "DeviceAPI._device_local_dump": {"executed_lines": [338, 339], "summary": {"covered_lines": 2, "num_statements": 2, "percent_covered": 100.0, "percent_covered_display": "100.00", "missing_lines": 0, "excluded_lines": 0}, "missing_lines": [], "excluded_lines": []}, "DeviceAPI._retire_device": {"executed_lines": [344], "summary": {"covered_lines": 1, "num_statements": 1, "percent_covered": 100.0, "percent_covered_display": "100.00", "missing_lines": 0, "excluded_lines": 0}, "missing_lines": [], "excluded_lines": []}, "DeviceAPI._post_device_instructions": {"executed_lines": [349, 350, 353, 354, 355, 357, 358, 363, 366, 369, 370, 371, 372, 376, 387, 388], "summary": {"covered_lines": 16, "num_statements": 19, "percent_covered": 84.21052631578948, "percent_covered_display": "84.21", "missing_lines": 3, "excluded_lines": 0}, "missing_lines": [380, 383, 384], "excluded_lines": []}, "DeviceAPI._get_log": {"executed_lines": [393, 394], "summary": {"covered_lines": 2, "num_statements": 2, "percent_covered": 100.0, "percent_covered_display": "100.00", "missing_lines": 0, "excluded_lines": 0}, "missing_lines": [], "excluded_lines": []}, "DeviceAPI._get_device_batch": {"executed_lines": [399, 402, 404, 406, 411, 414, 415, 416, 417, 421, 422, 427], "summary": {"covered_lines": 12, "num_statements": 18, "percent_covered": 66.66666666666667, "percent_covered_display": "66.67", "missing_lines": 6, "excluded_lines": 0}, "missing_lines": [407, 408, 409, 423, 424, 425], "excluded_lines": []}, "DeviceAPI._get_device_batch_critical": {"executed_lines": [432, 435, 437, 439, 440, 441, 442, 447], "summary": {"covered_lines": 8, "num_statements": 8, "percent_covered": 100.0, "percent_covered_display": "100.00", "missing_lines": 0, "excluded_lines": 0}, "missing_lines": [], "excluded_lines": []}, "DeviceAPI._cache_img": {"executed_lines": [451, 452, 454, 455, 457, 458, 459, 460, 461, 462, 463, 464, 465, 466], "summary": {"covered_lines": 14, "num_statements": 14, "percent_covered": 100.0, "percent_covered_display": "100.00", "missing_lines": 0, "excluded_lines": 0}, "missing_lines": [], "excluded_lines": []}, "": {"executed_lines": [1, 8, 9, 10, 11, 13, 15, 18, 19, 21, 73, 74, 84, 88, 89, 132, 133, 166, 182, 183, 196, 197, 204, 205, 228, 229, 234, 235, 240, 241, 249, 250, 265, 266, 273, 274, 282, 283, 298, 299, 335, 336, 341, 342, 346, 347, 390, 391, 396, 397, 429, 430, 449], "summary": {"covered_lines": 51, "num_statements": 51, "percent_covered": 100.0, "percent_covered_display": "100.00", "missing_lines": 0, "excluded_lines": 0}, "missing_lines": [], "excluded_lines": []}}, "classes": {"DeviceAPI": {"executed_lines": [24, 25, 26, 29, 32, 35, 36, 39, 42, 43, 46, 51, 52, 53, 56, 59, 60, 61, 62, 65, 68, 69, 77, 80, 86, 91, 93, 94, 96, 97, 98, 99, 100, 102, 105, 110, 113, 115, 124, 125, 126, 135, 137, 138, 140, 141, 142, 143, 149, 151, 158, 159, 160, 168, 169, 170, 172, 173, 174, 175, 176, 177, 178, 180, 185, 186, 190, 191, 192, 194, 199, 200, 201, 202, 207, 208, 211, 214, 215, 216, 217, 220, 221, 223, 231, 232, 237, 238, 243, 244, 245, 246, 247, 252, 253, 255, 256, 258, 259, 260, 262, 263, 268, 269, 270, 271, 276, 277, 280, 285, 287, 288, 291, 294, 296, 301, 303, 304, 306, 307, 308, 310, 311, 312, 314, 315, 316, 317, 319, 320, 322, 326, 328, 329, 330, 332, 333, 338, 339, 344, 349, 350, 353, 354, 355, 357, 358, 363, 366, 369, 370, 371, 372, 376, 387, 388, 393, 394, 399, 402, 404, 406, 411, 414, 415, 416, 417, 421, 422, 427, 432, 435, 437, 439, 440, 441, 442, 447, 451, 452, 454, 455, 457, 458, 459, 460, 461, 462, 463, 464, 465, 466], "summary": {"covered_lines": 192, "num_statements": 203, "percent_covered": 94.58128078817734, "percent_covered_display": "94.58", "missing_lines": 11, "excluded_lines": 0}, "missing_lines": [144, 146, 380, 383, 384, 407, 408, 409, 423, 424, 425], "excluded_lines": []}, "": {"executed_lines": [1, 8, 9, 10, 11, 13, 15, 18, 19, 21, 73, 74, 84, 88, 89, 132, 133, 166, 182, 183, 196, 197, 204, 205, 228, 229, 234, 235, 240, 241, 249, 250, 265, 266, 273, 274, 282, 283, 298, 299, 335, 336, 341, 342, 346, 347, 390, 391, 396, 397, 429, 430, 449], "summary": {"covered_lines": 51, "num_statements": 51, "percent_covered": 100.0, "percent_covered_display": "100.00", "missing_lines": 0, "excluded_lines": 0}, "missing_lines": [], "excluded_lines": []}}}, "ethoscope_node/api/file_api.py": {"executed_lines": [1, 7, 8, 9, 10, 11, 13, 15, 18, 19, 21, 23, 24, 25, 26, 28, 29, 31, 32, 34, 36, 37, 38, 39, 41, 43, 44, 46, 47, 49, 50, 51, 52, 53, 54, 55, 56, 58, 60, 62, 63, 65, 66, 67, 68, 70, 71, 72, 73, 74, 75, 76, 78, 80, 82, 83, 85, 86, 88, 89, 90, 91, 92, 93, 95, 96, 97, 99], "summary": {"covered_lines": 65, "num_statements": 65, "percent_covered": 100.0, "percent_covered_display": "100.00", "missing_lines": 0, "excluded_lines": 1}, "missing_lines": [], "excluded_lines": [80], "functions": {"FileAPI.register_routes": {"executed_lines": [23, 24, 25, 26], "summary": {"covered_lines": 4, "num_statements": 4, "percent_covered": 100.0, "percent_covered_display": "100.00", "missing_lines": 0, "excluded_lines": 0}, "missing_lines": [], "excluded_lines": []}, "FileAPI._result_files": {"executed_lines": [31, 32, 34, 36, 37, 38, 39, 41], "summary": {"covered_lines": 8, "num_statements": 8, "percent_covered": 100.0, "percent_covered_display": "100.00", "missing_lines": 0, "excluded_lines": 0}, "missing_lines": [], "excluded_lines": []}, "FileAPI._browse": {"executed_lines": [46, 47, 49, 50, 51, 52, 53, 54, 55, 56, 58, 60], "summary": {"covered_lines": 12, "num_statements": 12, "percent_covered": 100.0, "percent_covered_display": "100.00", "missing_lines": 0, "excluded_lines": 0}, "missing_lines": [], "excluded_lines": []}, "FileAPI._download": {"executed_lines": [65, 66, 67, 68, 70, 71, 72, 73, 74, 75, 76, 78, 80], "summary": {"covered_lines": 12, "num_statements": 12, "percent_covered": 100.0, "percent_covered_display": "100.00", "missing_lines": 0, "excluded_lines": 1}, "missing_lines": [], "excluded_lines": [80]}, "FileAPI._remove_files": {"executed_lines": [85, 86, 88, 89, 90, 91, 92, 93, 95, 96, 97, 99], "summary": {"covered_lines": 12, "num_statements": 12, "percent_covered": 100.0, "percent_covered_display": "100.00", "missing_lines": 0, "excluded_lines": 0}, "missing_lines": [], "excluded_lines": []}, "": {"executed_lines": [1, 7, 8, 9, 10, 11, 13, 15, 18, 19, 21, 28, 29, 43, 44, 62, 63, 82, 83], "summary": {"covered_lines": 17, "num_statements": 17, "percent_covered": 100.0, "percent_covered_display": "100.00", "missing_lines": 0, "excluded_lines": 0}, "missing_lines": [], "excluded_lines": []}}, "classes": {"FileAPI": {"executed_lines": [23, 24, 25, 26, 31, 32, 34, 36, 37, 38, 39, 41, 46, 47, 49, 50, 51, 52, 53, 54, 55, 56, 58, 60, 65, 66, 67, 68, 70, 71, 72, 73, 74, 75, 76, 78, 80, 85, 86, 88, 89, 90, 91, 92, 93, 95, 96, 97, 99], "summary": {"covered_lines": 48, "num_statements": 48, "percent_covered": 100.0, "percent_covered_display": "100.00", "missing_lines": 0, "excluded_lines": 1}, "missing_lines": [], "excluded_lines": [80]}, "": {"executed_lines": [1, 7, 8, 9, 10, 11, 13, 15, 18, 19, 21, 28, 29, 43, 44, 62, 63, 82, 83], "summary": {"covered_lines": 17, "num_statements": 17, "percent_covered": 100.0, "percent_covered_display": "100.00", "missing_lines": 0, "excluded_lines": 0}, "missing_lines": [], "excluded_lines": []}}}, "ethoscope_node/api/node_api.py": {"executed_lines": [1, 8, 9, 10, 12, 14, 17, 69, 70, 72, 74, 75, 76, 78, 79, 81, 82, 83, 84, 85, 86, 87, 88, 89, 90, 91, 92, 93, 94, 96, 97, 99, 100, 101, 102, 103, 104, 106, 107, 109, 110, 111, 112, 113, 114, 115, 120, 121, 122, 124, 125, 127, 129, 131, 132, 135, 136, 138, 139, 140, 141, 142, 144, 155, 157, 159, 160, 161, 162, 163, 166, 173, 174, 176, 177, 189, 190, 191, 196, 197, 198, 200, 201, 203, 204, 206, 207, 215, 216, 217, 218, 219, 220, 222, 234, 236, 237, 238, 240, 241, 242, 243, 245, 249, 255, 256, 260, 262, 263, 265, 266, 268, 269, 270, 271, 272, 274, 275, 277, 278, 280, 281, 283, 284, 286, 287, 289, 290, 292, 293, 295, 297, 298, 302, 304, 306, 307, 311, 314, 316, 318, 319, 320, 322, 323, 325, 327, 328, 330, 331, 338, 339, 340, 341, 342, 343, 344, 346, 348, 350, 351, 352, 354, 355, 357, 358], "summary": {"covered_lines": 162, "num_statements": 169, "percent_covered": 95.85798816568047, "percent_covered_display": "95.86", "missing_lines": 7, "excluded_lines": 2}, "missing_lines": [192, 193, 208, 209, 210, 211, 212], "excluded_lines": [129, 314], "functions": {"NodeAPI.register_routes": {"executed_lines": [74, 75, 76], "summary": {"covered_lines": 3, "num_statements": 3, "percent_covered": 100.0, "percent_covered_display": "100.00", "missing_lines": 0, "excluded_lines": 0}, "missing_lines": [], "excluded_lines": []}, "NodeAPI._node_info": {"executed_lines": [81, 82, 83, 84, 85, 86, 87, 88, 89, 90, 91, 92, 93, 94, 96, 97, 99, 100, 101, 102, 103, 104, 106, 107, 109, 110, 111, 112, 113, 114, 115, 120, 121, 122, 124, 125, 127, 129], "summary": {"covered_lines": 37, "num_statements": 37, "percent_covered": 100.0, "percent_covered_display": "100.00", "missing_lines": 0, "excluded_lines": 1}, "missing_lines": [], "excluded_lines": [129]}, "NodeAPI._get_node_config": {"executed_lines": [135, 136, 138, 139, 140, 141, 142, 144], "summary": {"covered_lines": 8, "num_statements": 8, "percent_covered": 100.0, "percent_covered_display": "100.00", "missing_lines": 0, "excluded_lines": 0}, "missing_lines": [], "excluded_lines": []}, "NodeAPI._get_node_system_info": {"executed_lines": [157, 159, 160, 161, 162, 163, 166, 173, 174, 176, 177, 189, 190, 191, 196, 197, 198, 200, 201, 203, 204, 206, 207, 215, 216, 217, 218, 219, 220, 222], "summary": {"covered_lines": 30, "num_statements": 37, "percent_covered": 81.08108108108108, "percent_covered_display": "81.08", "missing_lines": 7, "excluded_lines": 0}, "missing_lines": [192, 193, 208, 209, 210, 211, 212], "excluded_lines": []}, "NodeAPI._get_daemon_status": {"executed_lines": [236, 237, 238, 240, 241, 242, 243, 245, 249, 255, 256, 260], "summary": {"covered_lines": 12, "num_statements": 12, "percent_covered": 100.0, "percent_covered_display": "100.00", "missing_lines": 0, "excluded_lines": 0}, "missing_lines": [], "excluded_lines": []}, "NodeAPI._node_actions": {"executed_lines": [265, 266, 268, 269, 270, 271, 272, 274, 275, 277, 278, 280, 281, 283, 284, 286, 287, 289, 290, 292, 293, 295, 297, 298, 302, 304, 306, 307, 311, 314], "summary": {"covered_lines": 29, "num_statements": 29, "percent_covered": 100.0, "percent_covered_display": "100.00", "missing_lines": 0, "excluded_lines": 1}, "missing_lines": [], "excluded_lines": [314]}, "NodeAPI._update_folders": {"executed_lines": [318, 319, 320, 322, 323], "summary": {"covered_lines": 5, "num_statements": 5, "percent_covered": 100.0, "percent_covered_display": "100.00", "missing_lines": 0, "excluded_lines": 0}, "missing_lines": [], "excluded_lines": []}, "NodeAPI._execute_command": {"executed_lines": [327, 328, 330, 331, 338, 339, 340, 341, 342, 343, 344], "summary": {"covered_lines": 11, "num_statements": 11, "percent_covered": 100.0, "percent_covered_display": "100.00", "missing_lines": 0, "excluded_lines": 0}, "missing_lines": [], "excluded_lines": []}, "NodeAPI._toggle_daemon": {"executed_lines": [348, 350, 351, 352, 354, 355, 357, 358], "summary": {"covered_lines": 8, "num_statements": 8, "percent_covered": 100.0, "percent_covered_display": "100.00", "missing_lines": 0, "excluded_lines": 0}, "missing_lines": [], "excluded_lines": []}, "": {"executed_lines": [1, 8, 9, 10, 12, 14, 17, 69, 70, 72, 78, 79, 131, 132, 155, 234, 262, 263, 316, 325, 346], "summary": {"covered_lines": 19, "num_statements": 19, "percent_covered": 100.0, "percent_covered_display": "100.00", "missing_lines": 0, "excluded_lines": 0}, "missing_lines": [], "excluded_lines": []}}, "classes": {"NodeAPI": {"executed_lines": [74, 75, 76, 81, 82, 83, 84, 85, 86, 87, 88, 89, 90, 91, 92, 93, 94, 96, 97, 99, 100, 101, 102, 103, 104, 106, 107, 109, 110, 111, 112, 113, 114, 115, 120, 121, 122, 124, 125, 127, 129, 135, 136, 138, 139, 140, 141, 142, 144, 157, 159, 160, 161, 162, 163, 166, 173, 174, 176, 177, 189, 190, 191, 196, 197, 198, 200, 201, 203, 204, 206, 207, 215, 216, 217, 218, 219, 220, 222, 236, 237, 238, 240, 241, 242, 243, 245, 249, 255, 256, 260, 265, 266, 268, 269, 270, 271, 272, 274, 275, 277, 278, 280, 281, 283, 284, 286, 287, 289, 290, 292, 293, 295, 297, 298, 302, 304, 306, 307, 311, 314, 318, 319, 320, 322, 323, 327, 328, 330, 331, 338, 339, 340, 341, 342, 343, 344, 348, 350, 351, 352, 354, 355, 357, 358], "summary": {"covered_lines": 143, "num_statements": 150, "percent_covered": 95.33333333333333, "percent_covered_display": "95.33", "missing_lines": 7, "excluded_lines": 2}, "missing_lines": [192, 193, 208, 209, 210, 211, 212], "excluded_lines": [129, 314]}, "": {"executed_lines": [1, 8, 9, 10, 12, 14, 17, 69, 70, 72, 78, 79, 131, 132, 155, 234, 262, 263, 316, 325, 346], "summary": {"covered_lines": 19, "num_statements": 19, "percent_covered": 100.0, "percent_covered_display": "100.00", "missing_lines": 0, "excluded_lines": 0}, "missing_lines": [], "excluded_lines": []}}}, "ethoscope_node/api/roi_template_api.py": {"executed_lines": [1, 8, 9, 10, 12, 14, 17, 18, 20, 22, 23, 26, 27, 31, 32, 34, 38, 49, 52, 53, 55, 57, 58, 59, 60, 61, 62, 63, 66, 67, 68, 69, 70, 71, 74, 76, 77, 79, 81, 83, 84, 85, 86, 89, 91, 92, 95, 97, 109, 110, 111, 113, 114, 117, 128, 129, 131, 132, 133, 134, 135, 136, 139, 140, 141, 142, 143, 147, 152, 153, 155, 156, 157, 159, 160, 163, 166, 167, 168, 171, 172, 175, 179, 180, 182, 184, 185, 186, 187, 189, 190, 192, 193, 194, 197, 200, 201, 204, 205, 208, 210, 211, 214, 215, 220, 222, 223], "summary": {"covered_lines": 105, "num_statements": 107, "percent_covered": 98.13084112149532, "percent_covered_display": "98.13", "missing_lines": 2, "excluded_lines": 0}, "missing_lines": [144, 145], "excluded_lines": [], "functions": {"ROITemplateAPI.register_routes": {"executed_lines": [22, 23, 26, 27], "summary": {"covered_lines": 4, "num_statements": 4, "percent_covered": 100.0, "percent_covered_display": "100.00", "missing_lines": 0, "excluded_lines": 0}, "missing_lines": [], "excluded_lines": []}, "ROITemplateAPI._list_roi_templates": {"executed_lines": [34, 38, 49, 52, 53, 55, 57, 58, 59, 60, 61, 62, 63, 66, 67, 68, 69, 70, 71, 74, 76, 77, 79], "summary": {"covered_lines": 23, "num_statements": 23, "percent_covered": 100.0, "percent_covered_display": "100.00", "missing_lines": 0, "excluded_lines": 0}, "missing_lines": [], "excluded_lines": []}, "ROITemplateAPI._parse_template_file": {"executed_lines": [83, 84, 85, 86, 89, 91, 92, 95, 97, 109, 110, 111], "summary": {"covered_lines": 12, "num_statements": 12, "percent_covered": 100.0, "percent_covered_display": "100.00", "missing_lines": 0, "excluded_lines": 0}, "missing_lines": [], "excluded_lines": []}, "ROITemplateAPI._get_roi_template": {"executed_lines": [117, 128, 129, 131, 132, 133, 134, 135, 136, 139, 140, 141, 142, 143, 147], "summary": {"covered_lines": 15, "num_statements": 17, "percent_covered": 88.23529411764706, "percent_covered_display": "88.24", "missing_lines": 2, "excluded_lines": 0}, "missing_lines": [144, 145], "excluded_lines": []}, "ROITemplateAPI._upload_roi_template": {"executed_lines": [155, 156, 157, 159, 160, 163, 166, 167, 168, 171, 172, 175, 179, 180, 182, 184, 185, 186, 187], "summary": {"covered_lines": 19, "num_statements": 19, "percent_covered": 100.0, "percent_covered_display": "100.00", "missing_lines": 0, "excluded_lines": 0}, "missing_lines": [], "excluded_lines": []}, "ROITemplateAPI._upload_template_to_device": {"executed_lines": [192, 193, 194, 197, 200, 201, 204, 205, 208, 210, 211, 214, 215, 220, 222, 223], "summary": {"covered_lines": 16, "num_statements": 16, "percent_covered": 100.0, "percent_covered_display": "100.00", "missing_lines": 0, "excluded_lines": 0}, "missing_lines": [], "excluded_lines": []}, "": {"executed_lines": [1, 8, 9, 10, 12, 14, 17, 18, 20, 31, 32, 81, 113, 114, 152, 153, 189, 190], "summary": {"covered_lines": 16, "num_statements": 16, "percent_covered": 100.0, "percent_covered_display": "100.00", "missing_lines": 0, "excluded_lines": 0}, "missing_lines": [], "excluded_lines": []}}, "classes": {"ROITemplateAPI": {"executed_lines": [22, 23, 26, 27, 34, 38, 49, 52, 53, 55, 57, 58, 59, 60, 61, 62, 63, 66, 67, 68, 69, 70, 71, 74, 76, 77, 79, 83, 84, 85, 86, 89, 91, 92, 95, 97, 109, 110, 111, 117, 128, 129, 131, 132, 133, 134, 135, 136, 139, 140, 141, 142, 143, 147, 155, 156, 157, 159, 160, 163, 166, 167, 168, 171, 172, 175, 179, 180, 182, 184, 185, 186, 187, 192, 193, 194, 197, 200, 201, 204, 205, 208, 210, 211, 214, 215, 220, 222, 223], "summary": {"covered_lines": 89, "num_statements": 91, "percent_covered": 97.8021978021978, "percent_covered_display": "97.80", "missing_lines": 2, "excluded_lines": 0}, "missing_lines": [144, 145], "excluded_lines": []}, "": {"executed_lines": [1, 8, 9, 10, 12, 14, 17, 18, 20, 31, 32, 81, 113, 114, 152, 153, 189, 190], "summary": {"covered_lines": 16, "num_statements": 16, "percent_covered": 100.0, "percent_covered_display": "100.00", "missing_lines": 0, "excluded_lines": 0}, "missing_lines": [], "excluded_lines": []}}}, "ethoscope_node/api/sensor_api.py": {"executed_lines": [1, 7, 8, 10, 13, 14, 16, 18, 19, 20, 21, 25, 26, 28, 30, 32, 35, 36, 37, 39, 40, 41, 42, 44, 45, 46, 47, 48, 51, 52, 54, 56, 57, 59, 60, 61, 62, 63, 64, 65, 66, 68, 69, 71, 72, 74, 75, 76, 77, 78, 80], "summary": {"covered_lines": 49, "num_statements": 49, "percent_covered": 100.0, "percent_covered_display": "100.00", "missing_lines": 0, "excluded_lines": 0}, "missing_lines": [], "excluded_lines": [], "functions": {"SensorAPI.register_routes": {"executed_lines": [18, 19, 20, 21], "summary": {"covered_lines": 4, "num_statements": 4, "percent_covered": 100.0, "percent_covered_display": "100.00", "missing_lines": 0, "excluded_lines": 0}, "missing_lines": [], "excluded_lines": []}, "SensorAPI._get_sensors": {"executed_lines": [28], "summary": {"covered_lines": 1, "num_statements": 1, "percent_covered": 100.0, "percent_covered_display": "100.00", "missing_lines": 0, "excluded_lines": 0}, "missing_lines": [], "excluded_lines": []}, "SensorAPI._edit_sensor": {"executed_lines": [32, 35, 36, 37, 39, 40, 41, 42, 44, 45, 46, 47, 48, 51, 52, 54], "summary": {"covered_lines": 16, "num_statements": 16, "percent_covered": 100.0, "percent_covered_display": "100.00", "missing_lines": 0, "excluded_lines": 0}, "missing_lines": [], "excluded_lines": []}, "SensorAPI._list_csv_files": {"executed_lines": [59, 60, 61, 62, 63, 64, 65, 66], "summary": {"covered_lines": 8, "num_statements": 8, "percent_covered": 100.0, "percent_covered_display": "100.00", "missing_lines": 0, "excluded_lines": 0}, "missing_lines": [], "excluded_lines": []}, "SensorAPI._get_csv_data": {"executed_lines": [71, 72, 74, 75, 76, 77, 78, 80], "summary": {"covered_lines": 8, "num_statements": 8, "percent_covered": 100.0, "percent_covered_display": "100.00", "missing_lines": 0, "excluded_lines": 0}, "missing_lines": [], "excluded_lines": []}, "": {"executed_lines": [1, 7, 8, 10, 13, 14, 16, 25, 26, 30, 56, 57, 68, 69], "summary": {"covered_lines": 12, "num_statements": 12, "percent_covered": 100.0, "percent_covered_display": "100.00", "missing_lines": 0, "excluded_lines": 0}, "missing_lines": [], "excluded_lines": []}}, "classes": {"SensorAPI": {"executed_lines": [18, 19, 20, 21, 28, 32, 35, 36, 37, 39, 40, 41, 42, 44, 45, 46, 47, 48, 51, 52, 54, 59, 60, 61, 62, 63, 64, 65, 66, 71, 72, 74, 75, 76, 77, 78, 80], "summary": {"covered_lines": 37, "num_statements": 37, "percent_covered": 100.0, "percent_covered_display": "100.00", "missing_lines": 0, "excluded_lines": 0}, "missing_lines": [], "excluded_lines": []}, "": {"executed_lines": [1, 7, 8, 10, 13, 14, 16, 25, 26, 30, 56, 57, 68, 69], "summary": {"covered_lines": 12, "num_statements": 12, "percent_covered": 100.0, "percent_covered_display": "100.00", "missing_lines": 0, "excluded_lines": 0}, "missing_lines": [], "excluded_lines": []}}}, "ethoscope_node/api/setup_api.py": {"executed_lines": [1, 7, 8, 10, 12, 14, 17, 18, 20, 22, 23, 25, 26, 28, 29, 30, 32, 34, 36, 39, 41, 42, 44, 45, 47, 49, 51, 53, 55, 57, 59, 61, 63, 65, 67, 69, 71, 74, 76, 78, 80, 82, 84, 87, 88, 89, 90, 91, 92, 95, 96, 97, 98, 99, 100, 101, 112, 113, 114, 123, 132, 134, 135, 137, 139, 140, 149, 151, 152, 153, 156, 160, 161, 163, 165, 166, 168, 169, 172, 173, 174, 175, 176, 177, 178, 179, 184, 186, 188, 190, 191, 192, 194, 195, 201, 203, 204, 205, 210, 212, 215, 216, 217, 219, 220, 222, 223, 224, 225, 226, 227, 233, 234, 237, 239, 244, 246, 248, 249, 252, 264, 265, 266, 267, 270, 272, 274, 275, 278, 279, 281, 282, 283, 292, 293, 295, 296, 297, 298, 303, 305, 306, 307, 315, 316, 317, 319, 321, 323, 324, 327, 339, 341, 345, 347, 348, 360, 362, 364, 365, 368, 369, 370, 376, 377, 378, 382, 383, 384, 385, 386, 388, 390, 392, 396, 398, 402, 404, 407, 415, 417, 419, 420, 423, 432, 433, 436, 438, 439, 451, 453, 455, 456, 459, 460, 461, 467, 468, 469, 473, 474, 475, 477, 481, 485, 487, 490, 501, 503, 505, 507, 508, 509, 512, 513, 517, 520, 522, 533, 536, 537, 538, 541, 542, 549, 551, 559, 562, 563, 564, 567, 568, 575, 577, 586, 589, 590, 592, 601, 603, 605, 607, 608, 611, 612, 614, 617, 620, 632, 635, 636, 637, 642, 646, 651, 652, 658, 659, 662, 663, 666, 668, 677, 679, 680, 682, 683, 684, 685, 686, 687, 688, 696, 698, 699, 700, 702, 704, 705, 706, 707, 708, 709, 710, 713, 714, 715, 716, 718, 725, 728, 729, 731, 732, 733, 735, 736, 738, 739, 740, 742, 743, 745, 748, 749, 750, 754, 759, 760, 762, 764, 766, 768, 769, 770, 772, 773, 779, 784, 790, 794, 795, 808, 810, 812, 814, 815, 818, 819, 820, 822, 829, 850, 851, 854, 856, 857, 870, 872, 873, 874, 878, 879, 880, 881, 882, 888, 889, 890, 892, 903, 905, 916, 918, 919, 920, 923, 924, 926, 933, 934, 935, 938, 940, 941, 942, 943, 944, 948, 950, 953, 955, 956, 957, 959, 968, 969, 970, 974, 975, 1000, 1002, 1004, 1006, 1012, 1013, 1014, 1016, 1018, 1020, 1022, 1028, 1029, 1030, 1032, 1034, 1035, 1037, 1085, 1086, 1087, 1088, 1089, 1092, 1093, 1094, 1095, 1096, 1097, 1105, 1110, 1111, 1112, 1114, 1115, 1117, 1131, 1132, 1133, 1141, 1143, 1144, 1146, 1147, 1149, 1164, 1165, 1180, 1181, 1203, 1204, 1205, 1227, 1228, 1229, 1230, 1232, 1233, 1248, 1249, 1250, 1251, 1253, 1254, 1278], "summary": {"covered_lines": 443, "num_statements": 571, "percent_covered": 77.5831873905429, "percent_covered_display": "77.58", "missing_lines": 128, "excluded_lines": 0}, "missing_lines": [31, 33, 35, 37, 46, 48, 50, 52, 54, 56, 58, 60, 62, 64, 66, 68, 70, 72, 108, 109, 120, 121, 157, 164, 181, 182, 289, 313, 340, 342, 354, 356, 357, 358, 379, 380, 381, 387, 389, 391, 393, 397, 399, 409, 411, 412, 413, 445, 447, 448, 449, 470, 471, 472, 476, 478, 482, 495, 497, 498, 499, 546, 572, 597, 598, 599, 673, 674, 675, 690, 692, 693, 694, 751, 752, 800, 805, 806, 823, 862, 867, 868, 875, 910, 911, 921, 927, 945, 947, 980, 984, 985, 986, 987, 991, 992, 997, 998, 1106, 1107, 1127, 1128, 1134, 1137, 1138, 1167, 1168, 1170, 1183, 1184, 1188, 1199, 1200, 1207, 1208, 1210, 1223, 1224, 1244, 1245, 1263, 1265, 1266, 1275, 1276, 1280, 1281, 1282], "excluded_lines": [], "functions": {"SetupAPI.register_routes": {"executed_lines": [22, 23], "summary": {"covered_lines": 2, "num_statements": 2, "percent_covered": 100.0, "percent_covered_display": "100.00", "missing_lines": 0, "excluded_lines": 0}, "missing_lines": [], "excluded_lines": []}, "SetupAPI._setup_get": {"executed_lines": [28, 29, 30, 32, 34, 36, 39], "summary": {"covered_lines": 7, "num_statements": 11, "percent_covered": 63.63636363636363, "percent_covered_display": "63.64", "missing_lines": 4, "excluded_lines": 0}, "missing_lines": [31, 33, 35, 37], "excluded_lines": []}, "SetupAPI._setup_post": {"executed_lines": [44, 45, 47, 49, 51, 53, 55, 57, 59, 61, 63, 65, 67, 69, 71, 74], "summary": {"covered_lines": 16, "num_statements": 30, "percent_covered": 53.333333333333336, "percent_covered_display": "53.33", "missing_lines": 14, "excluded_lines": 0}, "missing_lines": [46, 48, 50, 52, 54, 56, 58, 60, 62, 64, 66, 68, 70, 72], "excluded_lines": []}, "SetupAPI._get_setup_status": {"executed_lines": [78], "summary": {"covered_lines": 1, "num_statements": 1, "percent_covered": 100.0, "percent_covered_display": "100.00", "missing_lines": 0, "excluded_lines": 0}, "missing_lines": [], "excluded_lines": []}, "SetupAPI._get_system_info": {"executed_lines": [82, 84, 87, 88, 89, 90, 91, 92, 95, 96, 97, 98, 99, 100, 101, 112, 113, 114, 123], "summary": {"covered_lines": 19, "num_statements": 23, "percent_covered": 82.6086956521739, "percent_covered_display": "82.61", "missing_lines": 4, "excluded_lines": 0}, "missing_lines": [108, 109, 120, 121], "excluded_lines": []}, "SetupAPI._validate_folders": {"executed_lines": [134, 135, 137, 139, 140, 149, 151, 152, 153, 156, 160, 161, 163, 165, 166, 168, 169, 172, 173, 174, 175, 176, 177, 178, 179, 184, 186], "summary": {"covered_lines": 27, "num_statements": 31, "percent_covered": 87.09677419354838, "percent_covered_display": "87.10", "missing_lines": 4, "excluded_lines": 0}, "missing_lines": [157, 164, 181, 182], "excluded_lines": []}, "SetupAPI._get_existing_users": {"executed_lines": [190, 191, 192, 194, 195, 201, 203, 204, 205], "summary": {"covered_lines": 9, "num_statements": 9, "percent_covered": 100.0, "percent_covered_display": "100.00", "missing_lines": 0, "excluded_lines": 0}, "missing_lines": [], "excluded_lines": []}, "SetupAPI._setup_basic_info": {"executed_lines": [212, 215, 216, 217, 219, 220, 222, 223, 224, 225, 226, 227, 233, 234, 237, 239], "summary": {"covered_lines": 16, "num_statements": 16, "percent_covered": 100.0, "percent_covered_display": "100.00", "missing_lines": 0, "excluded_lines": 0}, "missing_lines": [], "excluded_lines": []}, "SetupAPI._setup_admin_user": {"executed_lines": [246, 248, 249, 252, 264, 265, 266, 267, 270, 272, 274, 275, 278, 279, 281, 282, 283, 292, 293, 295, 296, 297, 298, 303, 305, 306, 307, 315, 316, 317], "summary": {"covered_lines": 30, "num_statements": 32, "percent_covered": 93.75, "percent_covered_display": "93.75", "missing_lines": 2, "excluded_lines": 0}, "missing_lines": [289, 313], "excluded_lines": []}, "SetupAPI._setup_add_user": {"executed_lines": [321, 323, 324, 327, 339, 341, 345, 347, 348], "summary": {"covered_lines": 9, "num_statements": 15, "percent_covered": 60.0, "percent_covered_display": "60.00", "missing_lines": 6, "excluded_lines": 0}, "missing_lines": [340, 342, 354, 356, 357, 358], "excluded_lines": []}, "SetupAPI._setup_update_user": {"executed_lines": [362, 364, 365, 368, 369, 370, 376, 377, 378, 382, 383, 384, 385, 386, 388, 390, 392, 396, 398, 402, 404, 407], "summary": {"covered_lines": 22, "num_statements": 35, "percent_covered": 62.857142857142854, "percent_covered_display": "62.86", "missing_lines": 13, "excluded_lines": 0}, "missing_lines": [379, 380, 381, 387, 389, 391, 393, 397, 399, 409, 411, 412, 413], "excluded_lines": []}, "SetupAPI._setup_add_incubator": {"executed_lines": [417, 419, 420, 423, 432, 433, 436, 438, 439], "summary": {"covered_lines": 9, "num_statements": 13, "percent_covered": 69.23076923076923, "percent_covered_display": "69.23", "missing_lines": 4, "excluded_lines": 0}, "missing_lines": [445, 447, 448, 449], "excluded_lines": []}, "SetupAPI._setup_update_incubator": {"executed_lines": [453, 455, 456, 459, 460, 461, 467, 468, 469, 473, 474, 475, 477, 481, 485, 487, 490], "summary": {"covered_lines": 17, "num_statements": 27, "percent_covered": 62.96296296296296, "percent_covered_display": "62.96", "missing_lines": 10, "excluded_lines": 0}, "missing_lines": [470, 471, 472, 476, 478, 482, 495, 497, 498, 499], "excluded_lines": []}, "SetupAPI._setup_notifications": {"executed_lines": [503, 505, 507, 508, 509, 512, 513, 517, 520, 522, 533, 536, 537, 538, 541, 542, 549, 551, 559, 562, 563, 564, 567, 568, 575, 577, 586, 589, 590, 592], "summary": {"covered_lines": 30, "num_statements": 35, "percent_covered": 85.71428571428571, "percent_covered_display": "85.71", "missing_lines": 5, "excluded_lines": 0}, "missing_lines": [546, 572, 597, 598, 599], "excluded_lines": []}, "SetupAPI._setup_tunnel": {"executed_lines": [603, 605, 607, 608, 611, 612, 614, 617, 620, 632, 635, 636, 637, 642, 646, 651, 652, 658, 659, 662, 663, 666, 668], "summary": {"covered_lines": 23, "num_statements": 26, "percent_covered": 88.46153846153847, "percent_covered_display": "88.46", "missing_lines": 3, "excluded_lines": 0}, "missing_lines": [673, 674, 675], "excluded_lines": []}, "SetupAPI._test_notifications": {"executed_lines": [679, 680, 682, 683, 684, 685, 686, 687, 688], "summary": {"covered_lines": 9, "num_statements": 13, "percent_covered": 69.23076923076923, "percent_covered_display": "69.23", "missing_lines": 4, "excluded_lines": 0}, "missing_lines": [690, 692, 693, 694], "excluded_lines": []}, "SetupAPI._test_smtp": {"executed_lines": [698, 699, 700, 702, 704, 705, 706, 707, 708, 709, 710, 713, 714, 715, 716, 718, 725, 728, 729, 731, 732, 733, 735, 736, 738, 739, 740, 742, 743, 745, 748, 749, 750, 754, 759, 760], "summary": {"covered_lines": 36, "num_statements": 38, "percent_covered": 94.73684210526316, "percent_covered_display": "94.74", "missing_lines": 2, "excluded_lines": 0}, "missing_lines": [751, 752], "excluded_lines": []}, "SetupAPI._test_mattermost": {"executed_lines": [764, 766, 768, 769, 770, 772, 773, 779, 784, 790, 794, 795], "summary": {"covered_lines": 12, "num_statements": 15, "percent_covered": 80.0, "percent_covered_display": "80.00", "missing_lines": 3, "excluded_lines": 0}, "missing_lines": [800, 805, 806], "excluded_lines": []}, "SetupAPI._test_slack": {"executed_lines": [810, 812, 814, 815, 818, 819, 820, 822, 829, 850, 851, 854, 856, 857], "summary": {"covered_lines": 14, "num_statements": 18, "percent_covered": 77.77777777777777, "percent_covered_display": "77.78", "missing_lines": 4, "excluded_lines": 0}, "missing_lines": [823, 862, 867, 868], "excluded_lines": []}, "SetupAPI._setup_virtual_sensor": {"executed_lines": [872, 873, 874, 878, 879, 880, 881, 882, 888, 889, 890, 892, 903, 905], "summary": {"covered_lines": 14, "num_statements": 17, "percent_covered": 82.3529411764706, "percent_covered_display": "82.35", "missing_lines": 3, "excluded_lines": 0}, "missing_lines": [875, 910, 911], "excluded_lines": []}, "SetupAPI._test_weather_api": {"executed_lines": [918, 919, 920, 923, 924, 926, 933, 934, 935, 938, 940, 941, 942, 943, 944, 948, 950, 953, 955, 956, 957, 959, 968, 969, 970, 974, 975], "summary": {"covered_lines": 27, "num_statements": 40, "percent_covered": 67.5, "percent_covered_display": "67.50", "missing_lines": 13, "excluded_lines": 0}, "missing_lines": [921, 927, 945, 947, 980, 984, 985, 986, 987, 991, 992, 997, 998], "excluded_lines": []}, "SetupAPI._complete_setup": {"executed_lines": [1002, 1004, 1006, 1012, 1013, 1014], "summary": {"covered_lines": 6, "num_statements": 6, "percent_covered": 100.0, "percent_covered_display": "100.00", "missing_lines": 0, "excluded_lines": 0}, "missing_lines": [], "excluded_lines": []}, "SetupAPI._reset_setup": {"executed_lines": [1018, 1020, 1022, 1028, 1029, 1030], "summary": {"covered_lines": 6, "num_statements": 6, "percent_covered": 100.0, "percent_covered_display": "100.00", "missing_lines": 0, "excluded_lines": 0}, "missing_lines": [], "excluded_lines": []}, "SetupAPI._get_current_config": {"executed_lines": [1034, 1035, 1037, 1085, 1086, 1087, 1088, 1089, 1092, 1093, 1094, 1095, 1096, 1097, 1105, 1110, 1111, 1112, 1114, 1115, 1117, 1131, 1132, 1133, 1141, 1143, 1144, 1146, 1147, 1149, 1164, 1165, 1180, 1181, 1203, 1204, 1205, 1227, 1228, 1229, 1230, 1232, 1233, 1248, 1249, 1250, 1251, 1253, 1254, 1278], "summary": {"covered_lines": 50, "num_statements": 80, "percent_covered": 62.5, "percent_covered_display": "62.50", "missing_lines": 30, "excluded_lines": 0}, "missing_lines": [1106, 1107, 1127, 1128, 1134, 1137, 1138, 1167, 1168, 1170, 1183, 1184, 1188, 1199, 1200, 1207, 1208, 1210, 1223, 1224, 1244, 1245, 1263, 1265, 1266, 1275, 1276, 1280, 1281, 1282], "excluded_lines": []}, "": {"executed_lines": [1, 7, 8, 10, 12, 14, 17, 18, 20, 25, 26, 41, 42, 76, 80, 132, 188, 210, 244, 319, 360, 415, 451, 501, 601, 677, 696, 762, 808, 870, 916, 1000, 1016, 1032], "summary": {"covered_lines": 32, "num_statements": 32, "percent_covered": 100.0, "percent_covered_display": "100.00", "missing_lines": 0, "excluded_lines": 0}, "missing_lines": [], "excluded_lines": []}}, "classes": {"SetupAPI": {"executed_lines": [22, 23, 28, 29, 30, 32, 34, 36, 39, 44, 45, 47, 49, 51, 53, 55, 57, 59, 61, 63, 65, 67, 69, 71, 74, 78, 82, 84, 87, 88, 89, 90, 91, 92, 95, 96, 97, 98, 99, 100, 101, 112, 113, 114, 123, 134, 135, 137, 139, 140, 149, 151, 152, 153, 156, 160, 161, 163, 165, 166, 168, 169, 172, 173, 174, 175, 176, 177, 178, 179, 184, 186, 190, 191, 192, 194, 195, 201, 203, 204, 205, 212, 215, 216, 217, 219, 220, 222, 223, 224, 225, 226, 227, 233, 234, 237, 239, 246, 248, 249, 252, 264, 265, 266, 267, 270, 272, 274, 275, 278, 279, 281, 282, 283, 292, 293, 295, 296, 297, 298, 303, 305, 306, 307, 315, 316, 317, 321, 323, 324, 327, 339, 341, 345, 347, 348, 362, 364, 365, 368, 369, 370, 376, 377, 378, 382, 383, 384, 385, 386, 388, 390, 392, 396, 398, 402, 404, 407, 417, 419, 420, 423, 432, 433, 436, 438, 439, 453, 455, 456, 459, 460, 461, 467, 468, 469, 473, 474, 475, 477, 481, 485, 487, 490, 503, 505, 507, 508, 509, 512, 513, 517, 520, 522, 533, 536, 537, 538, 541, 542, 549, 551, 559, 562, 563, 564, 567, 568, 575, 577, 586, 589, 590, 592, 603, 605, 607, 608, 611, 612, 614, 617, 620, 632, 635, 636, 637, 642, 646, 651, 652, 658, 659, 662, 663, 666, 668, 679, 680, 682, 683, 684, 685, 686, 687, 688, 698, 699, 700, 702, 704, 705, 706, 707, 708, 709, 710, 713, 714, 715, 716, 718, 725, 728, 729, 731, 732, 733, 735, 736, 738, 739, 740, 742, 743, 745, 748, 749, 750, 754, 759, 760, 764, 766, 768, 769, 770, 772, 773, 779, 784, 790, 794, 795, 810, 812, 814, 815, 818, 819, 820, 822, 829, 850, 851, 854, 856, 857, 872, 873, 874, 878, 879, 880, 881, 882, 888, 889, 890, 892, 903, 905, 918, 919, 920, 923, 924, 926, 933, 934, 935, 938, 940, 941, 942, 943, 944, 948, 950, 953, 955, 956, 957, 959, 968, 969, 970, 974, 975, 1002, 1004, 1006, 1012, 1013, 1014, 1018, 1020, 1022, 1028, 1029, 1030, 1034, 1035, 1037, 1085, 1086, 1087, 1088, 1089, 1092, 1093, 1094, 1095, 1096, 1097, 1105, 1110, 1111, 1112, 1114, 1115, 1117, 1131, 1132, 1133, 1141, 1143, 1144, 1146, 1147, 1149, 1164, 1165, 1180, 1181, 1203, 1204, 1205, 1227, 1228, 1229, 1230, 1232, 1233, 1248, 1249, 1250, 1251, 1253, 1254, 1278], "summary": {"covered_lines": 411, "num_statements": 539, "percent_covered": 76.25231910946196, "percent_covered_display": "76.25", "missing_lines": 128, "excluded_lines": 0}, "missing_lines": [31, 33, 35, 37, 46, 48, 50, 52, 54, 56, 58, 60, 62, 64, 66, 68, 70, 72, 108, 109, 120, 121, 157, 164, 181, 182, 289, 313, 340, 342, 354, 356, 357, 358, 379, 380, 381, 387, 389, 391, 393, 397, 399, 409, 411, 412, 413, 445, 447, 448, 449, 470, 471, 472, 476, 478, 482, 495, 497, 498, 499, 546, 572, 597, 598, 599, 673, 674, 675, 690, 692, 693, 694, 751, 752, 800, 805, 806, 823, 862, 867, 868, 875, 910, 911, 921, 927, 945, 947, 980, 984, 985, 986, 987, 991, 992, 997, 998, 1106, 1107, 1127, 1128, 1134, 1137, 1138, 1167, 1168, 1170, 1183, 1184, 1188, 1199, 1200, 1207, 1208, 1210, 1223, 1224, 1244, 1245, 1263, 1265, 1266, 1275, 1276, 1280, 1281, 1282], "excluded_lines": []}, "": {"executed_lines": [1, 7, 8, 10, 12, 14, 17, 18, 20, 25, 26, 41, 42, 76, 80, 132, 188, 210, 244, 319, 360, 415, 451, 501, 601, 677, 696, 762, 808, 870, 916, 1000, 1016, 1032], "summary": {"covered_lines": 32, "num_statements": 32, "percent_covered": 100.0, "percent_covered_display": "100.00", "missing_lines": 0, "excluded_lines": 0}, "missing_lines": [], "excluded_lines": []}}}, "ethoscope_node/api/tunnel_utils.py": {"executed_lines": [1, 7, 8, 10, 13, 14, 16, 18, 20, 22, 23, 24, 28, 35, 36, 37, 39, 42, 43, 46, 48, 49, 50, 52, 53, 60, 61, 62, 65, 67, 68, 70, 71, 74, 77, 78, 81, 84, 85, 87, 91, 95, 96, 97, 99, 112, 114, 117, 120, 122, 125, 127, 128, 129, 133, 134, 136, 138, 139, 141, 142, 143, 144, 146, 147, 149, 150, 151, 152, 156, 158, 161, 162, 163, 164, 166, 167, 170, 171, 174, 175, 177, 178, 179, 180, 182, 184, 186, 189, 193, 194, 195, 197, 198, 205, 206, 208, 210, 212, 213, 215, 216, 219, 223, 224, 226, 227, 230, 232, 234, 235, 236, 239, 241, 243, 245, 247, 249, 252, 253, 256, 259, 260, 262, 263, 265, 267, 269, 270, 271, 272], "summary": {"covered_lines": 129, "num_statements": 129, "percent_covered": 100.0, "percent_covered_display": "100.00", "missing_lines": 0, "excluded_lines": 0}, "missing_lines": [], "excluded_lines": [], "functions": {"TunnelUtils.__init__": {"executed_lines": [18], "summary": {"covered_lines": 1, "num_statements": 1, "percent_covered": 100.0, "percent_covered_display": "100.00", "missing_lines": 0, "excluded_lines": 0}, "missing_lines": [], "excluded_lines": []}, "TunnelUtils.register_routes": {"executed_lines": [22, 23, 24], "summary": {"covered_lines": 3, "num_statements": 3, "percent_covered": 100.0, "percent_covered_display": "100.00", "missing_lines": 0, "excluded_lines": 0}, "missing_lines": [], "excluded_lines": []}, "TunnelUtils.get_tunnel_update_url": {"executed_lines": [35, 36, 37, 39, 42, 43, 46, 48, 49, 50], "summary": {"covered_lines": 10, "num_statements": 10, "percent_covered": 100.0, "percent_covered_display": "100.00", "missing_lines": 0, "excluded_lines": 0}, "missing_lines": [], "excluded_lines": []}, "TunnelUtils.update_tunnel_environment": {"executed_lines": [60, 61, 62, 65, 67, 68, 70, 71, 74, 77, 78, 81, 84, 85, 87, 91, 95, 96, 97], "summary": {"covered_lines": 19, "num_statements": 19, "percent_covered": 100.0, "percent_covered_display": "100.00", "missing_lines": 0, "excluded_lines": 0}, "missing_lines": [], "excluded_lines": []}, "TunnelUtils.get_hostname_aware_redirect_url": {"executed_lines": [112, 114, 117, 120, 122, 125, 127, 128, 129], "summary": {"covered_lines": 9, "num_statements": 9, "percent_covered": 100.0, "percent_covered_display": "100.00", "missing_lines": 0, "excluded_lines": 0}, "missing_lines": [], "excluded_lines": []}, "TunnelUtils._get_tunnel_status_route": {"executed_lines": [136], "summary": {"covered_lines": 1, "num_statements": 1, "percent_covered": 100.0, "percent_covered_display": "100.00", "missing_lines": 0, "excluded_lines": 0}, "missing_lines": [], "excluded_lines": []}, "TunnelUtils._toggle_tunnel_route": {"executed_lines": [141, 142, 143, 144], "summary": {"covered_lines": 4, "num_statements": 4, "percent_covered": 100.0, "percent_covered_display": "100.00", "missing_lines": 0, "excluded_lines": 0}, "missing_lines": [], "excluded_lines": []}, "TunnelUtils._update_tunnel_config_route": {"executed_lines": [149, 150, 151, 152], "summary": {"covered_lines": 4, "num_statements": 4, "percent_covered": 100.0, "percent_covered_display": "100.00", "missing_lines": 0, "excluded_lines": 0}, "missing_lines": [], "excluded_lines": []}, "TunnelUtils.get_tunnel_status": {"executed_lines": [158, 161, 162, 163, 164, 166, 167, 170, 171, 174, 175, 177, 178, 179, 180, 182], "summary": {"covered_lines": 16, "num_statements": 16, "percent_covered": 100.0, "percent_covered_display": "100.00", "missing_lines": 0, "excluded_lines": 0}, "missing_lines": [], "excluded_lines": []}, "TunnelUtils.toggle_tunnel": {"executed_lines": [186, 189, 193, 194, 195, 197, 198, 205, 206, 208, 210, 212, 213, 215, 216, 219, 223, 224, 226, 227, 230, 232, 234, 235, 236, 239, 241], "summary": {"covered_lines": 27, "num_statements": 27, "percent_covered": 100.0, "percent_covered_display": "100.00", "missing_lines": 0, "excluded_lines": 0}, "missing_lines": [], "excluded_lines": []}, "TunnelUtils.update_tunnel_config": {"executed_lines": [245, 247, 249, 252, 253, 256, 259, 260, 262, 263, 265, 267, 269, 270, 271, 272], "summary": {"covered_lines": 16, "num_statements": 16, "percent_covered": 100.0, "percent_covered_display": "100.00", "missing_lines": 0, "excluded_lines": 0}, "missing_lines": [], "excluded_lines": []}, "": {"executed_lines": [1, 7, 8, 10, 13, 14, 16, 20, 28, 52, 53, 99, 133, 134, 138, 139, 146, 147, 156, 184, 243], "summary": {"covered_lines": 19, "num_statements": 19, "percent_covered": 100.0, "percent_covered_display": "100.00", "missing_lines": 0, "excluded_lines": 0}, "missing_lines": [], "excluded_lines": []}}, "classes": {"TunnelUtils": {"executed_lines": [18, 22, 23, 24, 35, 36, 37, 39, 42, 43, 46, 48, 49, 50, 60, 61, 62, 65, 67, 68, 70, 71, 74, 77, 78, 81, 84, 85, 87, 91, 95, 96, 97, 112, 114, 117, 120, 122, 125, 127, 128, 129, 136, 141, 142, 143, 144, 149, 150, 151, 152, 158, 161, 162, 163, 164, 166, 167, 170, 171, 174, 175, 177, 178, 179, 180, 182, 186, 189, 193, 194, 195, 197, 198, 205, 206, 208, 210, 212, 213, 215, 216, 219, 223, 224, 226, 227, 230, 232, 234, 235, 236, 239, 241, 245, 247, 249, 252, 253, 256, 259, 260, 262, 263, 265, 267, 269, 270, 271, 272], "summary": {"covered_lines": 110, "num_statements": 110, "percent_covered": 100.0, "percent_covered_display": "100.00", "missing_lines": 0, "excluded_lines": 0}, "missing_lines": [], "excluded_lines": []}, "": {"executed_lines": [1, 7, 8, 10, 13, 14, 16, 20, 28, 52, 53, 99, 133, 134, 138, 139, 146, 147, 156, 184, 243], "summary": {"covered_lines": 19, "num_statements": 19, "percent_covered": 100.0, "percent_covered_display": "100.00", "missing_lines": 0, "excluded_lines": 0}, "missing_lines": [], "excluded_lines": []}}}, "ethoscope_node/auth/__init__.py": {"executed_lines": [1, 8, 9, 11], "summary": {"covered_lines": 3, "num_statements": 3, "percent_covered": 100.0, "percent_covered_display": "100.00", "missing_lines": 0, "excluded_lines": 0}, "missing_lines": [], "excluded_lines": [], "functions": {"": {"executed_lines": [1, 8, 9, 11], "summary": {"covered_lines": 3, "num_statements": 3, "percent_covered": 100.0, "percent_covered_display": "100.00", "missing_lines": 0, "excluded_lines": 0}, "missing_lines": [], "excluded_lines": []}}, "classes": {"": {"executed_lines": [1, 8, 9, 11], "summary": {"covered_lines": 3, "num_statements": 3, "percent_covered": 100.0, "percent_covered_display": "100.00", "missing_lines": 0, "excluded_lines": 0}, "missing_lines": [], "excluded_lines": []}}}, "ethoscope_node/auth/middleware.py": {"executed_lines": [1, 7, 8, 9, 10, 12, 14, 17, 18, 28, 36, 37, 38, 39, 42, 45, 48, 49, 50, 51, 53, 60, 61, 62, 64, 66, 68, 70, 72, 73, 74, 75, 77, 88, 91, 94, 97, 98, 99, 100, 101, 104, 105, 106, 107, 108, 110, 112, 120, 123, 124, 125, 126, 129, 130, 131, 132, 134, 138, 140, 141, 143, 158, 159, 162, 163, 164, 165, 166, 169, 170, 171, 172, 175, 176, 177, 180, 183, 185, 186, 188, 199, 202, 203, 204, 207, 208, 209, 210, 213, 215, 217, 224, 225, 226, 229, 232, 234, 236, 239, 240, 241, 244, 246, 248, 258, 260, 261, 264, 265, 266, 268, 271, 272, 273, 274, 275, 277, 278, 281, 282, 283, 286, 290, 301, 302, 304, 305, 309, 310, 313, 315, 316, 317, 328, 329, 332, 333, 335, 337, 340, 351, 352, 354, 355, 359, 360, 363, 365, 366, 367, 378, 382, 385, 386, 388, 390, 393, 400, 401, 402, 404], "summary": {"covered_lines": 160, "num_statements": 176, "percent_covered": 90.9090909090909, "percent_covered_display": "90.91", "missing_lines": 16, "excluded_lines": 0}, "missing_lines": [284, 287, 306, 319, 320, 321, 322, 323, 356, 369, 370, 371, 372, 373, 379, 383], "excluded_lines": [], "functions": {"AuthMiddleware.__init__": {"executed_lines": [36, 37, 38, 39, 42, 45, 48, 49, 50, 51], "summary": {"covered_lines": 10, "num_statements": 10, "percent_covered": 100.0, "percent_covered_display": "100.00", "missing_lines": 0, "excluded_lines": 0}, "missing_lines": [], "excluded_lines": []}, "AuthMiddleware.get_current_user": {"executed_lines": [60, 61, 62, 64], "summary": {"covered_lines": 4, "num_statements": 4, "percent_covered": 100.0, "percent_covered_display": "100.00", "missing_lines": 0, "excluded_lines": 0}, "missing_lines": [], "excluded_lines": []}, "AuthMiddleware.is_authenticated": {"executed_lines": [68], "summary": {"covered_lines": 1, "num_statements": 1, "percent_covered": 100.0, "percent_covered_display": "100.00", "missing_lines": 0, "excluded_lines": 0}, "missing_lines": [], "excluded_lines": []}, "AuthMiddleware.is_admin": {"executed_lines": [72, 73, 74, 75], "summary": {"covered_lines": 4, "num_statements": 4, "percent_covered": 100.0, "percent_covered_display": "100.00", "missing_lines": 0, "excluded_lines": 0}, "missing_lines": [], "excluded_lines": []}, "AuthMiddleware.check_rate_limit": {"executed_lines": [88, 91, 94, 97, 98, 99, 100, 101, 104, 105, 106, 107, 108, 110], "summary": {"covered_lines": 14, "num_statements": 14, "percent_covered": 100.0, "percent_covered_display": "100.00", "missing_lines": 0, "excluded_lines": 0}, "missing_lines": [], "excluded_lines": []}, "AuthMiddleware.record_failed_attempt": {"executed_lines": [120, 123, 124, 125, 126, 129, 130, 131, 132, 134], "summary": {"covered_lines": 10, "num_statements": 10, "percent_covered": 100.0, "percent_covered_display": "100.00", "missing_lines": 0, "excluded_lines": 0}, "missing_lines": [], "excluded_lines": []}, "AuthMiddleware.clear_failed_attempts": {"executed_lines": [140, 141], "summary": {"covered_lines": 2, "num_statements": 2, "percent_covered": 100.0, "percent_covered_display": "100.00", "missing_lines": 0, "excluded_lines": 0}, "missing_lines": [], "excluded_lines": []}, "AuthMiddleware.authenticate_user": {"executed_lines": [158, 159, 162, 163, 164, 165, 166, 169, 170, 171, 172, 175, 176, 177, 180, 183, 185, 186], "summary": {"covered_lines": 18, "num_statements": 18, "percent_covered": 100.0, "percent_covered_display": "100.00", "missing_lines": 0, "excluded_lines": 0}, "missing_lines": [], "excluded_lines": []}, "AuthMiddleware.login_user": {"executed_lines": [199, 202, 203, 204, 207, 208, 209, 210, 213, 215], "summary": {"covered_lines": 10, "num_statements": 10, "percent_covered": 100.0, "percent_covered_display": "100.00", "missing_lines": 0, "excluded_lines": 0}, "missing_lines": [], "excluded_lines": []}, "AuthMiddleware.logout_user": {"executed_lines": [224, 225, 226, 229, 232, 234], "summary": {"covered_lines": 6, "num_statements": 6, "percent_covered": 100.0, "percent_covered_display": "100.00", "missing_lines": 0, "excluded_lines": 0}, "missing_lines": [], "excluded_lines": []}, "AuthMiddleware._get_client_ip": {"executed_lines": [239, 240, 241, 244], "summary": {"covered_lines": 4, "num_statements": 4, "percent_covered": 100.0, "percent_covered_display": "100.00", "missing_lines": 0, "excluded_lines": 0}, "missing_lines": [], "excluded_lines": []}, "AuthMiddleware._set_session_cookie": {"executed_lines": [248], "summary": {"covered_lines": 1, "num_statements": 1, "percent_covered": 100.0, "percent_covered_display": "100.00", "missing_lines": 0, "excluded_lines": 0}, "missing_lines": [], "excluded_lines": []}, "AuthMiddleware._get_lockout_duration": {"executed_lines": [260, 261, 264, 265, 266], "summary": {"covered_lines": 5, "num_statements": 5, "percent_covered": 100.0, "percent_covered_display": "100.00", "missing_lines": 0, "excluded_lines": 0}, "missing_lines": [], "excluded_lines": []}, "AuthMiddleware._clean_old_attempts": {"executed_lines": [271, 272, 273, 274, 275, 277, 278, 281, 282, 283, 286], "summary": {"covered_lines": 11, "num_statements": 13, "percent_covered": 84.61538461538461, "percent_covered_display": "84.62", "missing_lines": 2, "excluded_lines": 0}, "missing_lines": [284, 287], "excluded_lines": []}, "require_auth": {"executed_lines": [301, 302, 337], "summary": {"covered_lines": 3, "num_statements": 3, "percent_covered": 100.0, "percent_covered_display": "100.00", "missing_lines": 0, "excluded_lines": 0}, "missing_lines": [], "excluded_lines": []}, "require_auth.wrapper": {"executed_lines": [304, 305, 309, 310, 313, 315, 316, 317, 328, 329, 332, 333, 335], "summary": {"covered_lines": 13, "num_statements": 19, "percent_covered": 68.42105263157895, "percent_covered_display": "68.42", "missing_lines": 6, "excluded_lines": 0}, "missing_lines": [306, 319, 320, 321, 322, 323], "excluded_lines": []}, "require_admin": {"executed_lines": [351, 352, 390], "summary": {"covered_lines": 3, "num_statements": 3, "percent_covered": 100.0, "percent_covered_display": "100.00", "missing_lines": 0, "excluded_lines": 0}, "missing_lines": [], "excluded_lines": []}, "require_admin.wrapper": {"executed_lines": [354, 355, 359, 360, 363, 365, 366, 367, 378, 382, 385, 386, 388], "summary": {"covered_lines": 13, "num_statements": 21, "percent_covered": 61.904761904761905, "percent_covered_display": "61.90", "missing_lines": 8, "excluded_lines": 0}, "missing_lines": [356, 369, 370, 371, 372, 373, 379, 383], "excluded_lines": []}, "get_current_user": {"executed_lines": [400, 401, 402, 404], "summary": {"covered_lines": 4, "num_statements": 4, "percent_covered": 100.0, "percent_covered_display": "100.00", "missing_lines": 0, "excluded_lines": 0}, "missing_lines": [], "excluded_lines": []}, "": {"executed_lines": [1, 7, 8, 9, 10, 12, 14, 17, 18, 28, 53, 66, 70, 77, 112, 138, 143, 188, 217, 236, 246, 258, 268, 290, 340, 393], "summary": {"covered_lines": 24, "num_statements": 24, "percent_covered": 100.0, "percent_covered_display": "100.00", "missing_lines": 0, "excluded_lines": 0}, "missing_lines": [], "excluded_lines": []}}, "classes": {"AuthMiddleware": {"executed_lines": [36, 37, 38, 39, 42, 45, 48, 49, 50, 51, 60, 61, 62, 64, 68, 72, 73, 74, 75, 88, 91, 94, 97, 98, 99, 100, 101, 104, 105, 106, 107, 108, 110, 120, 123, 124, 125, 126, 129, 130, 131, 132, 134, 140, 141, 158, 159, 162, 163, 164, 165, 166, 169, 170, 171, 172, 175, 176, 177, 180, 183, 185, 186, 199, 202, 203, 204, 207, 208, 209, 210, 213, 215, 224, 225, 226, 229, 232, 234, 239, 240, 241, 244, 248, 260, 261, 264, 265, 266, 271, 272, 273, 274, 275, 277, 278, 281, 282, 283, 286], "summary": {"covered_lines": 100, "num_statements": 102, "percent_covered": 98.03921568627452, "percent_covered_display": "98.04", "missing_lines": 2, "excluded_lines": 0}, "missing_lines": [284, 287], "excluded_lines": []}, "": {"executed_lines": [1, 7, 8, 9, 10, 12, 14, 17, 18, 28, 53, 66, 70, 77, 112, 138, 143, 188, 217, 236, 246, 258, 268, 290, 301, 302, 304, 305, 309, 310, 313, 315, 316, 317, 328, 329, 332, 333, 335, 337, 340, 351, 352, 354, 355, 359, 360, 363, 365, 366, 367, 378, 382, 385, 386, 388, 390, 393, 400, 401, 402, 404], "summary": {"covered_lines": 60, "num_statements": 74, "percent_covered": 81.08108108108108, "percent_covered_display": "81.08", "missing_lines": 14, "excluded_lines": 0}, "missing_lines": [306, 319, 320, 321, 322, 323, 356, 369, 370, 371, 372, 373, 379, 383], "excluded_lines": []}}}, "ethoscope_node/auth/session.py": {"executed_lines": [1, 7, 8, 9, 10, 11, 14, 15, 21, 29, 30, 31, 34, 35, 36, 39, 42, 44, 46, 47, 62, 63, 64, 66, 69, 70, 72, 73, 75, 76, 81, 91, 92, 93, 95, 96, 97, 100, 103, 106, 109, 111, 112, 117, 118, 121, 127, 141, 142, 143, 145, 146, 152, 162, 163, 166, 174, 178, 179, 181, 188, 189, 190, 191, 192, 193, 194, 195, 196, 199, 200, 201, 202, 205, 208, 223, 233, 234, 240, 242, 243, 244, 246, 247, 253, 263, 264, 270, 272, 273, 274, 276, 277, 283, 293, 294, 296, 297, 303, 305, 311, 313, 315, 316, 318, 319, 322, 342, 348, 355, 356, 359, 360, 361, 366, 367, 369, 370, 372, 378, 380, 382, 384, 385, 388, 389, 390, 393, 397, 399, 400, 406, 411, 413, 414, 417, 424, 428, 429, 432, 433, 434, 435, 436, 443, 445, 448, 449, 450], "summary": {"covered_lines": 147, "num_statements": 173, "percent_covered": 84.97109826589596, "percent_covered_display": "84.97", "missing_lines": 26, "excluded_lines": 0}, "missing_lines": [78, 79, 148, 149, 150, 219, 220, 221, 249, 250, 251, 279, 280, 281, 344, 345, 346, 374, 375, 376, 394, 395, 408, 409, 440, 441], "excluded_lines": [], "functions": {"SessionManager.__init__": {"executed_lines": [29, 30, 31, 34, 35, 36, 39, 42], "summary": {"covered_lines": 8, "num_statements": 8, "percent_covered": 100.0, "percent_covered_display": "100.00", "missing_lines": 0, "excluded_lines": 0}, "missing_lines": [], "excluded_lines": []}, "SessionManager._ensure_sessions_table": {"executed_lines": [46, 47, 62, 63, 64, 66, 69, 70, 72, 73, 75, 76], "summary": {"covered_lines": 12, "num_statements": 14, "percent_covered": 85.71428571428571, "percent_covered_display": "85.71", "missing_lines": 2, "excluded_lines": 0}, "missing_lines": [78, 79], "excluded_lines": []}, "SessionManager.create_session": {"executed_lines": [91, 92, 93, 95, 96, 97, 100, 103, 106, 109, 111, 112, 117, 118, 121, 127, 141, 142, 143, 145, 146], "summary": {"covered_lines": 21, "num_statements": 24, "percent_covered": 87.5, "percent_covered_display": "87.50", "missing_lines": 3, "excluded_lines": 0}, "missing_lines": [148, 149, 150], "excluded_lines": []}, "SessionManager.get_user_from_session": {"executed_lines": [162, 163, 166, 174, 178, 179, 181, 188, 189, 190, 191, 192, 193, 194, 195, 196, 199, 200, 201, 202, 205, 208], "summary": {"covered_lines": 22, "num_statements": 25, "percent_covered": 88.0, "percent_covered_display": "88.00", "missing_lines": 3, "excluded_lines": 0}, "missing_lines": [219, 220, 221], "excluded_lines": []}, "SessionManager.destroy_session": {"executed_lines": [233, 234, 240, 242, 243, 244, 246, 247], "summary": {"covered_lines": 8, "num_statements": 11, "percent_covered": 72.72727272727273, "percent_covered_display": "72.73", "missing_lines": 3, "excluded_lines": 0}, "missing_lines": [249, 250, 251], "excluded_lines": []}, "SessionManager.destroy_user_sessions": {"executed_lines": [
[...]
, 418, 421, 423, 432, 434, 438, 439, 444, 445, 448, 451, 453, 454, 455, 457, 458, 459, 461, 462, 463, 465, 480, 481, 482, 483, 489, 490, 512, 514, 518, 519, 524, 525, 528, 531, 533, 534, 535, 537, 538, 539, 541, 542, 543, 545, 555, 556, 557, 558, 566, 567, 593, 594, 595, 597, 600, 602, 603, 605, 606, 608, 611, 642, 643, 645, 646, 647, 649, 651, 654, 681, 682, 684, 685, 686, 690, 692, 693, 695, 698, 704, 705, 707, 708, 711, 713, 720, 721, 723, 728, 729, 739, 740, 741, 743, 746, 748, 751, 752, 754, 757, 767, 768, 769, 771, 774, 778, 779, 781, 783, 784, 785, 786, 787, 809, 810, 811, 812, 814, 815, 817, 819, 843, 844, 846, 851, 852, 857, 862, 865, 867, 868, 870, 873, 900, 901, 903, 904, 906, 907, 909, 922, 923, 925, 926, 928, 929, 931, 944, 950, 952, 953, 955, 956, 958, 974, 975, 976, 977, 979, 985, 987, 988, 990, 991, 993, 1024, 1025, 1026, 1028, 1029, 1030, 1032, 1033, 1035, 1037, 1038, 1039, 1040, 1043, 1044, 1045, 1046, 1049, 1050, 1051, 1052, 1053, 1054, 1056, 1063, 1065, 1066, 1068, 1086, 1087, 1090, 1092, 1093, 1094, 1096, 1098, 1099, 1101, 1102, 1105, 1106, 1107, 1108, 1109, 1110, 1111, 1117, 1121, 1127, 1129, 1130, 1131, 1133, 1151, 1164, 1166, 1168, 1169, 1171, 1172, 1190, 1192, 1193, 1194, 1195, 1196, 1198, 1199, 1201, 1203, 1205, 1208, 1210, 1211, 1212, 1213, 1214, 1216, 1241, 1242, 1243, 1245, 1246, 1248, 1250, 1251, 1252, 1253, 1256, 1257, 1258, 1259, 1261, 1268, 1270, 1271, 1273, 1291, 1297, 1301, 1303, 1304, 1306, 1307, 1310, 1311, 1312, 1313, 1314, 1315, 1316, 1324, 1328, 1334, 1336, 1337, 1338, 1340, 1358, 1371, 1375, 1377, 1380, 1381, 1396, 1399, 1401, 1402, 1404, 1405, 1407, 1420, 1422, 1425, 1427, 1429, 1432, 1434, 1435, 1436, 1437, 1438, 1440, 1463, 1466, 1471, 1481, 1497, 1498, 1499, 1503, 1511, 1513, 1514, 1519, 1548, 1549, 1551, 1552, 1553, 1555, 1556, 1557, 1559, 1560, 1561, 1563, 1569, 1571, 1574, 1577, 1589, 1590, 1594, 1596, 1597, 1600, 1602, 1603, 1604, 1606, 1608, 1610, 1615, 1616, 1617, 1635, 1636, 1646, 1647, 1648, 1649, 1650, 1651, 1655, 1656, 1664, 1674, 1676, 1677, 1680, 1682, 1683, 1684, 1685, 1686, 1688, 1691, 1696, 1699, 1700, 1701, 1706, 1707, 1709, 1714, 1715, 1716, 1732, 1733, 1736, 1737, 1738, 1741, 1742, 1743, 1747, 1748, 1752, 1764, 1767, 1770, 1772, 1773, 1776, 1778, 1779, 1780, 1782, 1784, 1786, 1791, 1792, 1793, 1811, 1812, 1822, 1823, 1824, 1825, 1826, 1827, 1831, 1832, 1840, 1853, 1856, 1859, 1861, 1862, 1865, 1867, 1868, 1869, 1870, 1871, 1873, 1875, 1877, 1882, 1883, 1884, 1904, 1905, 1915, 1916, 1917, 1919, 1920, 1921, 1922, 1923, 1924, 1925, 1926, 1927, 1928, 1934, 1935, 1936, 1937, 1938, 1939, 1940, 1941, 1949, 1968, 1973, 1981, 1982, 1987, 1988, 1989, 1990, 1991, 1992, 1993, 1995, 1996, 1998, 2009, 2012, 2013, 2014, 2015, 2016, 2018, 2021, 2022, 2024, 2025, 2028, 2029, 2033, 2038, 2042, 2043, 2056, 2057, 2058, 2059, 2060, 2062, 2066, 2069, 2070, 2072, 2076, 2079, 2080, 2091, 2096, 2097, 2099, 2108, 2110, 2120, 2121, 2122, 2123, 2130, 2131, 2139, 2151, 2152, 2154, 2158, 2159, 2160, 2161, 2164, 2165, 2166, 2167, 2168, 2169, 2173, 2190, 2191, 2192, 2195, 2196, 2197, 2200, 2203, 2220, 2221, 2224, 2225, 2226, 2227, 2229, 2230, 2231, 2234, 2237, 2238, 2240, 2243, 2244, 2245, 2247, 2254, 2256, 2259, 2260, 2261, 2262, 2265, 2268, 2270, 2273, 2274, 2275, 2276, 2295, 2297, 2298, 2302, 2303, 2304, 2307, 2308, 2310, 2311, 2324, 2326, 2331, 2332, 2335, 2337, 2338, 2378, 2379, 2380], "summary": {"covered_lines": 692, "num_statements": 881, "percent_covered": 78.54710556186151, "percent_covered_display": "78.55", "missing_lines": 189, "excluded_lines": 0}, "missing_lines": [116, 117, 118, 119, 231, 232, 244, 296, 297, 309, 363, 364, 377, 395, 396, 409, 425, 426, 485, 486, 487, 494, 496, 497, 500, 501, 505, 506, 562, 563, 564, 571, 573, 574, 577, 578, 582, 583, 749, 790, 1070, 1071, 1072, 1112, 1113, 1115, 1118, 1119, 1135, 1136, 1137, 1138, 1174, 1206, 1275, 1276, 1277, 1292, 1295, 1298, 1299, 1317, 1318, 1320, 1325, 1326, 1342, 1343, 1344, 1345, 1378, 1383, 1423, 1430, 1505, 1509, 1521, 1523, 1524, 1527, 1572, 1575, 1598, 1618, 1619, 1622, 1623, 1626, 1628, 1629, 1632, 1638, 1640, 1643, 1653, 1660, 1678, 1702, 1703, 1717, 1718, 1721, 1722, 1725, 1726, 1727, 1728, 1729, 1730, 1745, 1750, 1774, 1794, 1795, 1798, 1799, 1802, 1804, 1805, 1808, 1814, 1816, 1819, 1829, 1836, 1863, 1885, 1886, 1889, 1890, 1893, 1895, 1898, 1901, 1907, 1909, 1912, 1932, 1945, 1983, 1984, 2030, 2063, 2092, 2093, 2128, 2135, 2170, 2171, 2174, 2175, 2176, 2205, 2206, 2207, 2249, 2250, 2251, 2278, 2280, 2281, 2282, 2299, 2313, 2314, 2315, 2333, 2339, 2342, 2343, 2346, 2347, 2350, 2351, 2352, 2353, 2356, 2357, 2358, 2359, 2362, 2363, 2364, 2365, 2367, 2369, 2370, 2374, 2376], "excluded_lines": []}, "simpleDB": {"executed_lines": [2387, 2389, 2390, 2391, 2395, 2396, 2397, 2399, 2400, 2406, 2407, 2408, 2410, 2414, 2415, 2416, 2417, 2419, 2423, 2424, 2426, 2427, 2430, 2434, 2435, 2436, 2437, 2438, 2439, 2443, 2444, 2445, 2446, 2447], "summary": {"covered_lines": 34, "num_statements": 38, "percent_covered": 89.47368421052632, "percent_covered_display": "89.47", "missing_lines": 4, "excluded_lines": 0}, "missing_lines": [2388, 2402, 2448, 2449], "excluded_lines": []}, "UsersDB": {"executed_lines": [2455, 2456], "summary": {"covered_lines": 2, "num_statements": 2, "percent_covered": 100.0, "percent_covered_display": "100.00", "missing_lines": 0, "excluded_lines": 0}, "missing_lines": [], "excluded_lines": []}, "Incubators": {"executed_lines": [2462, 2472], "summary": {"covered_lines": 2, "num_statements": 2, "percent_covered": 100.0, "percent_covered_display": "100.00", "missing_lines": 0, "excluded_lines": 0}, "missing_lines": [], "excluded_lines": []}, "": {"executed_lines": [23, 25, 26, 27, 28, 29, 30, 31, 32, 33, 34, 35, 37, 40, 43, 54, 57, 58, 59, 60, 61, 62, 64, 76, 126, 214, 234, 299, 366, 398, 428, 508, 585, 613, 674, 688, 700, 731, 759, 792, 889, 911, 933, 960, 995, 1074, 1140, 1153, 1176, 1218, 1279, 1347, 1360, 1385, 1409, 1442, 1483, 1529, 1579, 1666, 1754, 1842, 1951, 2141, 2180, 2209, 2284, 2317, 2383, 2384, 2386, 2393, 2404, 2412, 2421, 2432, 2441, 2452, 2453, 2459, 2460, 2475, 2480, 2481, 2482, 2483, 2486, 2522, 2535], "summary": {"covered_lines": 87, "num_statements": 105, "percent_covered": 82.85714285714286, "percent_covered_display": "82.86", "missing_lines": 18, "excluded_lines": 11}, "missing_lines": [2487, 2488, 2489, 2494, 2495, 2496, 2497, 2498, 2499, 2500, 2503, 2504, 2507, 2519, 2523, 2524, 2531, 2532], "excluded_lines": [2535, 2536, 2537, 2539, 2540, 2541, 2543, 2550, 2558, 2560, 2562]}}}, "ethoscope_node/utils/network.py": {"executed_lines": [1, 8, 9, 10, 12, 14, 17, 27, 29, 31, 33, 34, 37, 40, 41, 42, 43, 45, 46, 48, 53, 54, 57, 63, 64, 71, 79, 81, 82, 83, 86, 89, 90, 92, 93, 95, 96, 99, 101, 102, 104, 105, 108, 109, 112, 119, 121, 122, 124, 125, 127, 128, 129, 130, 131, 133, 134, 136, 139, 149, 151, 152, 154, 155, 156, 158, 160, 161, 162], "summary": {"covered_lines": 68, "num_statements": 74, "percent_covered": 91.89189189189189, "percent_covered_display": "91.89", "missing_lines": 6, "excluded_lines": 0}, "missing_lines": [59, 60, 61, 66, 67, 68], "excluded_lines": [], "functions": {"get_primary_private_network": {"executed_lines": [27, 29, 31, 33, 34, 37, 40, 41, 42, 43, 45, 46, 48, 53, 54, 57, 63, 64], "summary": {"covered_lines": 18, "num_statements": 24, "percent_covered": 75.0, "percent_covered_display": "75.00", "missing_lines": 6, "excluded_lines": 0}, "missing_lines": [59, 60, 61, 66, 67, 68], "excluded_lines": []}, "get_private_ip_pattern": {"executed_lines": [79, 81, 82, 83, 86, 89, 90, 92, 93, 95, 96, 99, 101, 102, 104, 105, 108, 109], "summary": {"covered_lines": 18, "num_statements": 18, "percent_covered": 100.0, "percent_covered_display": "100.00", "missing_lines": 0, "excluded_lines": 0}, "missing_lines": [], "excluded_lines": []}, "get_local_ip_addresses": {"executed_lines": [119, 121, 122, 124, 125, 127, 128, 129, 130, 131, 133, 134, 136], "summary": {"covered_lines": 13, "num_statements": 13, "percent_covered": 100.0, "percent_covered_display": "100.00", "missing_lines": 0, "excluded_lines": 0}, "missing_lines": [], "excluded_lines": []}, "is_ip_in_local_network": {"executed_lines": [149, 151, 152, 154, 155, 156, 158, 160, 161, 162], "summary": {"covered_lines": 10, "num_statements": 10, "percent_covered": 100.0, "percent_covered_display": "100.00", "missing_lines": 0, "excluded_lines": 0}, "missing_lines": [], "excluded_lines": []}, "": {"executed_lines": [1, 8, 9, 10, 12, 14, 17, 71, 112, 139], "summary": {"covered_lines": 9, "num_statements": 9, "percent_covered": 100.0, "percent_covered_display": "100.00", "missing_lines": 0, "excluded_lines": 0}, "missing_lines": [], "excluded_lines": []}}, "classes": {"": {"executed_lines": [1, 8, 9, 10, 12, 14, 17, 27, 29, 31, 33, 34, 37, 40, 41, 42, 43, 45, 46, 48, 53, 54, 57, 63, 64, 71, 79, 81, 82, 83, 86, 89, 90, 92, 93, 95, 96, 99, 101, 102, 104, 105, 108, 109, 112, 119, 121, 122, 124, 125, 127, 128, 129, 130, 131, 133, 134, 136, 139, 149, 151, 152, 154, 155, 156, 158, 160, 161, 162], "summary": {"covered_lines": 68, "num_statements": 74, "percent_covered": 91.89189189189189, "percent_covered_display": "91.89", "missing_lines": 6, "excluded_lines": 0}, "missing_lines": [59, 60, 61, 66, 67, 68], "excluded_lines": []}}}, "ethoscope_node/utils/target_detection_analysis.py": {"executed_lines": [1, 9, 11, 12, 13, 14, 15, 16, 18, 21, 22, 29, 38, 39, 42, 43, 45, 55, 57, 58, 60, 79, 82, 84, 88, 89, 91, 92, 94, 95, 96, 97, 100, 101, 102, 103, 105, 106, 110, 112, 116, 117, 120, 121, 122, 124, 135, 137, 138, 141, 142, 149, 151, 152, 153, 157, 158, 159, 162, 163, 164, 165, 166, 167, 168, 169, 171, 174, 175, 178, 184, 193, 197, 200, 204, 205, 207, 208, 210, 213, 214, 216, 217, 218, 220, 228, 229, 237, 245, 250, 251, 252, 254, 255, 256, 257, 259, 260, 261, 262, 264, 281, 282, 285, 286, 288, 289, 290, 291, 296, 297, 298, 299, 304, 311, 315, 317, 318, 321, 323, 324, 327, 328, 333, 338, 344, 345, 349, 350, 355, 361, 362, 367, 370, 371, 376, 377, 378, 382, 384, 394, 396, 399, 401, 402, 404, 405, 407, 417, 418, 420, 421, 422, 423, 425, 426, 427, 428, 429, 430, 431, 432, 434, 435, 437, 441, 443, 456, 457, 459, 461, 465, 466, 467, 469, 470, 473, 476, 477, 480, 482, 483, 486, 489, 490, 491, 493, 496, 503, 504, 506, 507], "summary": {"covered_lines": 190, "num_statements": 190, "percent_covered": 100.0, "percent_covered_display": "100.00", "missing_lines": 0, "excluded_lines": 0}, "missing_lines": [], "excluded_lines": [], "functions": {"TargetDetectionAnalyzer.__init__": {"executed_lines": [38, 39, 42, 43], "summary": {"covered_lines": 4, "num_statements": 4, "percent_covered": 100.0, "percent_covered_display": "100.00", "missing_lines": 0, "excluded_lines": 0}, "missing_lines": [], "excluded_lines": []}, "TargetDetectionAnalyzer.analyze_detection_logs": {"executed_lines": [55, 57, 58, 60, 79, 82], "summary": {"covered_lines": 6, "num_statements": 6, "percent_covered": 100.0, "percent_covered_display": "100.00", "missing_lines": 0, "excluded_lines": 0}, "missing_lines": [], "excluded_lines": []}, "TargetDetectionAnalyzer._load_detection_data": {"executed_lines": [88, 89, 91, 92, 94, 95, 96, 97, 100, 101, 102, 103, 105, 106, 110], "summary": {"covered_lines": 15, "num_statements": 15, "percent_covered": 100.0, "percent_covered_display": "100.00", "missing_lines": 0, "excluded_lines": 0}, "missing_lines": [], "excluded_lines": []}, "TargetDetectionAnalyzer._generate_summary_stats": {"executed_lines": [116, 117, 120, 121, 122, 124], "summary": {"covered_lines": 6, "num_statements": 6, "percent_covered": 100.0, "percent_covered_display": "100.00", "missing_lines": 0, "excluded_lines": 0}, "missing_lines": [], "excluded_lines": []}, "TargetDetectionAnalyzer._analyze_failure_patterns": {"executed_lines": [137, 138, 141, 142, 149, 151, 152, 153, 157, 158, 159, 162, 163, 164, 165, 166, 167, 168, 169, 171, 174, 175, 178, 184], "summary": {"covered_lines": 24, "num_statements": 24, "percent_covered": 100.0, "percent_covered_display": "100.00", "missing_lines": 0, "excluded_lines": 0}, "missing_lines": [], "excluded_lines": []}, "TargetDetectionAnalyzer._analyze_device_performance": {"executed_lines": [197, 200, 204, 205, 207, 208, 210, 213, 214, 216, 217, 218, 220, 228, 229, 237], "summary": {"covered_lines": 16, "num_statements": 16, "percent_covered": 100.0, "percent_covered_display": "100.00", "missing_lines": 0, "excluded_lines": 0}, "missing_lines": [], "excluded_lines": []}, "TargetDetectionAnalyzer._analyze_lighting_conditions": {"executed_lines": [250, 281, 282, 285, 286, 288, 289, 290, 291, 296, 297, 298, 299, 304], "summary": {"covered_lines": 14, "num_statements": 14, "percent_covered": 100.0, "percent_covered_display": "100.00", "missing_lines": 0, "excluded_lines": 0}, "missing_lines": [], "excluded_lines": []}, "TargetDetectionAnalyzer._analyze_lighting_conditions.extract_lighting_stats": {"executed_lines": [251, 252, 254, 255, 256, 257, 259, 260, 261, 262, 264], "summary": {"covered_lines": 11, "num_statements": 11, "percent_covered": 100.0, "percent_covered_display": "100.00", "missing_lines": 0, "excluded_lines": 0}, "missing_lines": [], "excluded_lines": []}, "TargetDetectionAnalyzer._generate_recommendations": {"executed_lines": [315, 317, 318, 321, 323, 324, 327, 328, 333, 338, 344, 345, 349, 350, 355, 361, 362, 367, 370, 371, 376, 377, 378, 382], "summary": {"covered_lines": 24, "num_statements": 24, "percent_covered": 100.0, "percent_covered_display": "100.00", "missing_lines": 0, "excluded_lines": 0}, "missing_lines": [], "excluded_lines": []}, "TargetDetectionAnalyzer.generate_failure_report": {"executed_lines": [394, 396, 399, 401, 402, 404, 405], "summary": {"covered_lines": 7, "num_statements": 7, "percent_covered": 100.0, "percent_covered_display": "100.00", "missing_lines": 0, "excluded_lines": 0}, "missing_lines": [], "excluded_lines": []}, "TargetDetectionAnalyzer.cleanup_old_logs": {"executed_lines": [417, 418, 420, 421, 422, 423, 425, 426, 427, 428, 429, 430, 431, 432, 434, 435, 437, 441], "summary": {"covered_lines": 18, "num_statements": 18, "percent_covered": 100.0, "percent_covered_display": "100.00", "missing_lines": 0, "excluded_lines": 0}, "missing_lines": [], "excluded_lines": []}, "TargetDetectionAnalyzer.export_dataset_for_training": {"executed_lines": [456, 457, 459, 461, 465, 466, 467, 469, 470, 473, 476, 477, 480, 482, 483, 486, 489, 490, 491, 493, 496, 503, 504, 506, 507], "summary": {"covered_lines": 25, "num_statements": 25, "percent_covered": 100.0, "percent_covered_display": "100.00", "missing_lines": 0, "excluded_lines": 0}, "missing_lines": [], "excluded_lines": []}, "": {"executed_lines": [1, 9, 11, 12, 13, 14, 15, 16, 18, 21, 22, 29, 45, 84, 112, 135, 193, 245, 311, 384, 407, 443], "summary": {"covered_lines": 20, "num_statements": 20, "percent_covered": 100.0, "percent_covered_display": "100.00", "missing_lines": 0, "excluded_lines": 0}, "missing_lines": [], "excluded_lines": []}}, "classes": {"TargetDetectionAnalyzer": {"executed_lines": [38, 39, 42, 43, 55, 57, 58, 60, 79, 82, 88, 89, 91, 92, 94, 95, 96, 97, 100, 101, 102, 103, 105, 106, 110, 116, 117, 120, 121, 122, 124, 137, 138, 141, 142, 149, 151, 152, 153, 157, 158, 159, 162, 163, 164, 165, 166, 167, 168, 169, 171, 174, 175, 178, 184, 197, 200, 204, 205, 207, 208, 210, 213, 214, 216, 217, 218, 220, 228, 229, 237, 250, 251, 252, 254, 255, 256, 257, 259, 260, 261, 262, 264, 281, 282, 285, 286, 288, 289, 290, 291, 296, 297, 298, 299, 304, 315, 317, 318, 321, 323, 324, 327, 328, 333, 338, 344, 345, 349, 350, 355, 361, 362, 367, 370, 371, 376, 377, 378, 382, 394, 396, 399, 401, 402, 404, 405, 417, 418, 420, 421, 422, 423, 425, 426, 427, 428, 429, 430, 431, 432, 434, 435, 437, 441, 456, 457, 459, 461, 465, 466, 467, 469, 470, 473, 476, 477, 480, 482, 483, 486, 489, 490, 491, 493, 496, 503, 504, 506, 507], "summary": {"covered_lines": 170, "num_statements": 170, "percent_covered": 100.0, "percent_covered_display": "100.00", "missing_lines": 0, "excluded_lines": 0}, "missing_lines": [], "excluded_lines": []}, "": {"executed_lines": [1, 9, 11, 12, 13, 14, 15, 16, 18, 21, 22, 29, 45, 84, 112, 135, 193, 245, 311, 384, 407, 443], "summary": {"covered_lines": 20, "num_statements": 20, "percent_covered": 100.0, "percent_covered_display": "100.00", "missing_lines": 0, "excluded_lines": 0}, "missing_lines": [], "excluded_lines": []}}}, "ethoscope_node/utils/video_helpers.py": {"executed_lines": [1, 12, 13, 14, 17, 39, 40, 43, 50, 51, 52, 53, 58], "summary": {"covered_lines": 12, "num_statements": 15, "percent_covered": 80.0, "percent_covered_display": "80.00", "missing_lines": 3, "excluded_lines": 0}, "missing_lines": [54, 55, 56], "excluded_lines": [], "functions": {"list_local_video_files": {"executed_lines": [39, 40, 43, 50, 51, 52, 53, 58], "summary": {"covered_lines": 8, "num_statements": 11, "percent_covered": 72.72727272727273, "percent_covered_display": "72.73", "missing_lines": 3, "excluded_lines": 0}, "missing_lines": [54, 55, 56], "excluded_lines": []}, "": {"executed_lines": [1, 12, 13, 14, 17], "summary": {"covered_lines": 4, "num_statements": 4, "percent_covered": 100.0, "percent_covered_display": "100.00", "missing_lines": 0, "excluded_lines": 0}, "missing_lines": [], "excluded_lines": []}}, "classes": {"": {"executed_lines": [1, 12, 13, 14, 17, 39, 40, 43, 50, 51, 52, 53, 58], "summary": {"covered_lines": 12, "num_statements": 15, "percent_covered": 80.0, "percent_covered_display": "80.00", "missing_lines": 3, "excluded_lines": 0}, "missing_lines": [54, 55, 56], "excluded_lines": []}}}, "run_notification_tests.py": {"executed_lines": [], "summary": {"covered_lines": 0, "num_statements": 67, "percent_covered": 0.0, "percent_covered_display": "0.00", "missing_lines": 67, "excluded_lines": 10}, "missing_lines": [8, 9, 10, 11, 14, 18, 19, 21, 22, 25, 43, 44, 46, 47, 48, 49, 52, 58, 59, 61, 62, 63, 65, 67, 68, 69, 70, 72, 73, 74, 75, 76, 77, 81, 82, 83, 85, 86, 89, 92, 93, 95, 97, 98, 100, 103, 104, 106, 109, 112, 113, 116, 117, 120, 121, 123, 124, 125, 126, 127, 128, 129, 130, 132, 134, 135, 136], "excluded_lines": [139, 140, 141, 144, 146, 148, 149, 150, 151, 152], "functions": {"run_tests": {"executed_lines": [], "summary": {"covered_lines": 0, "num_statements": 33, "percent_covered": 0.0, "percent_covered_display": "0.00", "missing_lines": 33, "excluded_lines": 0}, "missing_lines": [18, 19, 21, 22, 25, 43, 44, 46, 47, 48, 49, 52, 58, 59, 61, 62, 63, 65, 67, 68, 69, 70, 72, 73, 74, 75, 76, 77, 81, 82, 83, 85, 86], "excluded_lines": []}, "demo_functionality": {"executed_lines": [], "summary": {"covered_lines": 0, "num_statements": 28, "percent_covered": 0.0, "percent_covered_display": "0.00", "missing_lines": 28, "excluded_lines": 0}, "missing_lines": [92, 93, 95, 97, 98, 100, 103, 104, 106, 109, 112, 113, 116, 117, 120, 121, 123, 124, 125, 126, 127, 128, 129, 130, 132, 134, 135, 136], "excluded_lines": []}, "": {"executed_lines": [], "summary": {"covered_lines": 0, "num_statements": 6, "percent_covered": 0.0, "percent_covered_display": "0.00", "missing_lines": 6, "excluded_lines": 10}, "missing_lines": [8, 9, 10, 11, 14, 89], "excluded_lines": [139, 140, 141, 144, 146, 148, 149, 150, 151, 152]}}, "classes": {"": {"executed_lines": [], "summary": {"covered_lines": 0, "num_statements": 67, "percent_covered": 0.0, "percent_covered_display": "0.00", "missing_lines": 67, "excluded_lines": 10}, "missing_lines": [8, 9, 10, 11, 14, 18, 19, 21, 22, 25, 43, 44, 46, 47, 48, 49, 52, 58, 59, 61, 62, 63, 65, 67, 68, 69, 70, 72, 73, 74, 75, 76, 77, 81, 82, 83, 85, 86, 89, 92, 93, 95, 97, 98, 100, 103, 104, 106, 109, 112, 113, 116, 117, 120, 121, 123, 124, 125, 126, 127, 128, 129, 130, 132, 134, 135, 136], "excluded_lines": [139, 140, 141, 144, 146, 148, 149, 150, 151, 152]}}}}, "totals": {"covered_lines": 6278, "num_statements": 8199, "percent_covered": 76.5703134528601, "percent_covered_display": "76.57", "missing_lines": 1921, "excluded_lines": 37}}
